This file contains any messages produced by compilers while
running configure, to aid debugging if configure makes a mistake.

It was created by asn1c configure 0.9.28, which was
generated by GNU Autoconf 2.69.  Invocation command line was

  $ ./configure --prefix=/home/yzh/CA/ca/asn/asn1c-0.9.28

## --------- ##
## Platform. ##
## --------- ##

hostname = ubuntu32
uname -m = i686
uname -r = 4.15.0-47-generic
uname -s = Linux
uname -v = #50~16.04.1-Ubuntu SMP Fri Mar 15 16:03:40 UTC 2019

/usr/bin/uname -p = unknown
/bin/uname -X     = unknown

/bin/arch              = unknown
/usr/bin/arch -k       = unknown
/usr/convex/getsysinfo = unknown
/usr/bin/hostinfo      = unknown
/bin/machine           = unknown
/usr/bin/oslevel       = unknown
/bin/universe          = unknown

PATH: /home/yzh/bin
PATH: /home/yzh/.local/bin
PATH: /home/yzh/gcc-linaro-arm-linux-gnueabihf-4.9-2014.07_linux/bin
PATH: /opt/slickedit/bin
PATH: /usr/local/sbin
PATH: /usr/local/bin
PATH: /usr/sbin
PATH: /usr/bin
PATH: /sbin
PATH: /bin
PATH: /usr/games
PATH: /usr/local/games
PATH: /snap/bin


## ----------- ##
## Core tests. ##
## ----------- ##

configure:2379: checking for a BSD-compatible install
configure:2447: result: /usr/bin/install -c
configure:2458: checking whether build environment is sane
configure:2513: result: yes
configure:2551: WARNING: 'missing' script is too old or missing
configure:2664: checking for a thread-safe mkdir -p
configure:2703: result: /bin/mkdir -p
configure:2710: checking for gawk
configure:2740: result: no
configure:2710: checking for mawk
configure:2726: found /usr/bin/mawk
configure:2737: result: mawk
configure:2748: checking whether make sets $(MAKE)
configure:2770: result: yes
configure:2799: checking whether make supports nested variables
configure:2816: result: yes
configure:2973: checking build system type
configure:2987: result: i686-pc-linux-gnu
configure:3007: checking host system type
configure:3020: result: i686-pc-linux-gnu
configure:3061: checking how to print strings
configure:3088: result: printf
configure:3121: checking for style of include used by make
configure:3149: result: GNU
configure:3220: checking for gcc
configure:3236: found /usr/bin/gcc
configure:3247: result: gcc
configure:3476: checking for C compiler version
configure:3485: gcc --version >&5
gcc (Ubuntu 5.4.0-6ubuntu1~16.04.10) 5.4.0 20160609
Copyright (C) 2015 Free Software Foundation, Inc.
This is free software; see the source for copying conditions.  There is NO
warranty; not even for MERCHANTABILITY or FITNESS FOR A PARTICULAR PURPOSE.

configure:3496: $? = 0
configure:3485: gcc -v >&5
Using built-in specs.
COLLECT_GCC=gcc
COLLECT_LTO_WRAPPER=/usr/lib/gcc/i686-linux-gnu/5/lto-wrapper
Target: i686-linux-gnu
Configured with: ../src/configure -v --with-pkgversion='Ubuntu 5.4.0-6ubuntu1~16.04.10' --with-bugurl=file:///usr/share/doc/gcc-5/README.Bugs --enable-languages=c,ada,c++,java,go,d,fortran,objc,obj-c++ --prefix=/usr --program-suffix=-5 --enable-shared --enable-linker-build-id --libexecdir=/usr/lib --without-included-gettext --enable-threads=posix --libdir=/usr/lib --enable-nls --with-sysroot=/ --enable-clocale=gnu --enable-libstdcxx-debug --enable-libstdcxx-time=yes --with-default-libstdcxx-abi=new --enable-gnu-unique-object --disable-vtable-verify --enable-libmpx --enable-plugin --with-system-zlib --disable-browser-plugin --enable-java-awt=gtk --enable-gtk-cairo --with-java-home=/usr/lib/jvm/java-1.5.0-gcj-5-i386/jre --enable-java-home --with-jvm-root-dir=/usr/lib/jvm/java-1.5.0-gcj-5-i386 --with-jvm-jar-dir=/usr/lib/jvm-exports/java-1.5.0-gcj-5-i386 --with-arch-directory=i386 --with-ecj-jar=/usr/share/java/eclipse-ecj.jar --enable-objc-gc --enable-targets=all --enable-multiarch --disable-werror --with-arch-32=i686 --with-multilib-list=m32,m64,mx32 --enable-multilib --with-tune=generic --enable-checking=release --build=i686-linux-gnu --host=i686-linux-gnu --target=i686-linux-gnu
Thread model: posix
gcc version 5.4.0 20160609 (Ubuntu 5.4.0-6ubuntu1~16.04.10) 
configure:3496: $? = 0
configure:3485: gcc -V >&5
gcc: error: unrecognized command line option '-V'
gcc: fatal error: no input files
compilation terminated.
configure:3496: $? = 1
configure:3485: gcc -qversion >&5
gcc: error: unrecognized command line option '-qversion'
gcc: fatal error: no input files
compilation terminated.
configure:3496: $? = 1
configure:3516: checking whether the C compiler works
configure:3538: gcc    conftest.c  >&5
configure:3542: $? = 0
configure:3590: result: yes
configure:3593: checking for C compiler default output file name
configure:3595: result: a.out
configure:3601: checking for suffix of executables
configure:3608: gcc -o conftest    conftest.c  >&5
configure:3612: $? = 0
configure:3634: result: 
configure:3656: checking whether we are cross compiling
configure:3664: gcc -o conftest    conftest.c  >&5
configure:3668: $? = 0
configure:3675: ./conftest
configure:3679: $? = 0
configure:3694: result: no
configure:3699: checking for suffix of object files
configure:3721: gcc -c   conftest.c >&5
configure:3725: $? = 0
configure:3746: result: o
configure:3750: checking whether we are using the GNU C compiler
configure:3769: gcc -c   conftest.c >&5
configure:3769: $? = 0
configure:3778: result: yes
configure:3787: checking whether gcc accepts -g
configure:3807: gcc -c -g  conftest.c >&5
configure:3807: $? = 0
configure:3848: result: yes
configure:3865: checking for gcc option to accept ISO C89
configure:3928: gcc  -c -g -O2  conftest.c >&5
configure:3928: $? = 0
configure:3941: result: none needed
configure:3966: checking whether gcc understands -c and -o together
configure:3988: gcc -c conftest.c -o conftest2.o
configure:3991: $? = 0
configure:3988: gcc -c conftest.c -o conftest2.o
configure:3991: $? = 0
configure:4003: result: yes
configure:4022: checking dependency style of gcc
configure:4133: result: gcc3
configure:4148: checking for a sed that does not truncate output
configure:4212: result: /bin/sed
configure:4230: checking for grep that handles long lines and -e
configure:4288: result: /bin/grep
configure:4293: checking for egrep
configure:4355: result: /bin/grep -E
configure:4360: checking for fgrep
configure:4422: result: /bin/grep -F
configure:4457: checking for ld used by gcc
configure:4524: result: /usr/bin/ld
configure:4531: checking if the linker (/usr/bin/ld) is GNU ld
configure:4546: result: yes
configure:4558: checking for BSD- or MS-compatible name lister (nm)
configure:4607: result: /usr/bin/nm -B
configure:4737: checking the name lister (/usr/bin/nm -B) interface
configure:4744: gcc -c -g -O2  conftest.c >&5
configure:4747: /usr/bin/nm -B "conftest.o"
configure:4750: output
00000000 B some_variable
configure:4757: result: BSD nm
configure:4760: checking whether ln -s works
configure:4764: result: yes
configure:4772: checking the maximum length of command line arguments
configure:4897: result: 1572864
configure:4914: checking whether the shell understands some XSI constructs
configure:4924: result: yes
configure:4928: checking whether the shell understands "+="
configure:4934: result: yes
configure:4969: checking how to convert i686-pc-linux-gnu file names to i686-pc-linux-gnu format
configure:5009: result: func_convert_file_noop
configure:5016: checking how to convert i686-pc-linux-gnu file names to toolchain format
configure:5036: result: func_convert_file_noop
configure:5043: checking for /usr/bin/ld option to reload object files
configure:5050: result: -r
configure:5124: checking for objdump
configure:5140: found /usr/bin/objdump
configure:5151: result: objdump
configure:5183: checking how to recognize dependent libraries
configure:5385: result: pass_all
configure:5470: checking for dlltool
configure:5500: result: no
configure:5530: checking how to associate runtime and link libraries
configure:5557: result: printf %s\n
configure:5618: checking for ar
configure:5634: found /usr/bin/ar
configure:5645: result: ar
configure:5682: checking for archiver @FILE support
configure:5699: gcc -c -g -O2  conftest.c >&5
configure:5699: $? = 0
configure:5702: ar cru libconftest.a @conftest.lst >&5
ar: `u' modifier ignored since `D' is the default (see `U')
configure:5705: $? = 0
configure:5710: ar cru libconftest.a @conftest.lst >&5
ar: `u' modifier ignored since `D' is the default (see `U')
ar: conftest.o: No such file or directory
configure:5713: $? = 1
configure:5725: result: @
configure:5783: checking for strip
configure:5799: found /usr/bin/strip
configure:5810: result: strip
configure:5882: checking for ranlib
configure:5898: found /usr/bin/ranlib
configure:5909: result: ranlib
configure:6011: checking command to parse /usr/bin/nm -B output from gcc object
configure:6130: gcc -c -g -O2  conftest.c >&5
configure:6133: $? = 0
configure:6137: /usr/bin/nm -B conftest.o \| sed -n -e 's/^.*[ ]\([ABCDGIRSTW][ABCDGIRSTW]*\)[ ][ ]*\([_A-Za-z][_A-Za-z0-9]*\)$/\1 \2 \2/p' | sed '/ __gnu_lto/d' \> conftest.nm
configure:6140: $? = 0
configure:6206: gcc -o conftest -g -O2   conftest.c conftstm.o >&5
configure:6209: $? = 0
configure:6247: result: ok
configure:6284: checking for sysroot
configure:6314: result: no
configure:6557: checking for mt
configure:6573: found /bin/mt
configure:6584: result: mt
configure:6607: checking if mt is a manifest tool
configure:6613: mt '-?'
configure:6621: result: no
configure:7253: checking how to run the C preprocessor
configure:7284: gcc -E  conftest.c
configure:7284: $? = 0
configure:7298: gcc -E  conftest.c
conftest.c:11:28: fatal error: ac_nonexistent.h: No such file or directory
compilation terminated.
configure:7298: $? = 1
configure: failed program was:
| /* confdefs.h */
| #define PACKAGE_NAME "asn1c"
| #define PACKAGE_TARNAME "asn1c"
| #define PACKAGE_VERSION "0.9.28"
| #define PACKAGE_STRING "asn1c 0.9.28"
| #define PACKAGE_BUGREPORT "vlm@lionet.info"
| #define PACKAGE_URL ""
| #define PACKAGE "asn1c"
| #define VERSION "0.9.28"
| /* end confdefs.h.  */
| #include <ac_nonexistent.h>
configure:7323: result: gcc -E
configure:7343: gcc -E  conftest.c
configure:7343: $? = 0
configure:7357: gcc -E  conftest.c
conftest.c:11:28: fatal error: ac_nonexistent.h: No such file or directory
compilation terminated.
configure:7357: $? = 1
configure: failed program was:
| /* confdefs.h */
| #define PACKAGE_NAME "asn1c"
| #define PACKAGE_TARNAME "asn1c"
| #define PACKAGE_VERSION "0.9.28"
| #define PACKAGE_STRING "asn1c 0.9.28"
| #define PACKAGE_BUGREPORT "vlm@lionet.info"
| #define PACKAGE_URL ""
| #define PACKAGE "asn1c"
| #define VERSION "0.9.28"
| /* end confdefs.h.  */
| #include <ac_nonexistent.h>
configure:7386: checking for ANSI C header files
configure:7406: gcc -c -g -O2  conftest.c >&5
configure:7406: $? = 0
configure:7479: gcc -o conftest -g -O2   conftest.c  >&5
configure:7479: $? = 0
configure:7479: ./conftest
configure:7479: $? = 0
configure:7490: result: yes
configure:7503: checking for sys/types.h
configure:7503: gcc -c -g -O2  conftest.c >&5
configure:7503: $? = 0
configure:7503: result: yes
configure:7503: checking for sys/stat.h
configure:7503: gcc -c -g -O2  conftest.c >&5
configure:7503: $? = 0
configure:7503: result: yes
configure:7503: checking for stdlib.h
configure:7503: gcc -c -g -O2  conftest.c >&5
configure:7503: $? = 0
configure:7503: result: yes
configure:7503: checking for string.h
configure:7503: gcc -c -g -O2  conftest.c >&5
configure:7503: $? = 0
configure:7503: result: yes
configure:7503: checking for memory.h
configure:7503: gcc -c -g -O2  conftest.c >&5
configure:7503: $? = 0
configure:7503: result: yes
configure:7503: checking for strings.h
configure:7503: gcc -c -g -O2  conftest.c >&5
configure:7503: $? = 0
configure:7503: result: yes
configure:7503: checking for inttypes.h
configure:7503: gcc -c -g -O2  conftest.c >&5
configure:7503: $? = 0
configure:7503: result: yes
configure:7503: checking for stdint.h
configure:7503: gcc -c -g -O2  conftest.c >&5
configure:7503: $? = 0
configure:7503: result: yes
configure:7503: checking for unistd.h
configure:7503: gcc -c -g -O2  conftest.c >&5
configure:7503: $? = 0
configure:7503: result: yes
configure:7517: checking for dlfcn.h
configure:7517: gcc -c -g -O2  conftest.c >&5
configure:7517: $? = 0
configure:7517: result: yes
configure:7704: checking for objdir
configure:7719: result: .libs
configure:7990: checking if gcc supports -fno-rtti -fno-exceptions
configure:8008: gcc -c -g -O2  -fno-rtti -fno-exceptions conftest.c >&5
cc1: warning: command line option '-fno-rtti' is valid for C++/ObjC++ but not for C
configure:8012: $? = 0
configure:8025: result: no
configure:8335: checking for gcc option to produce PIC
configure:8342: result: -fPIC -DPIC
configure:8350: checking if gcc PIC flag -fPIC -DPIC works
configure:8368: gcc -c -g -O2  -fPIC -DPIC -DPIC conftest.c >&5
configure:8372: $? = 0
configure:8385: result: yes
configure:8414: checking if gcc static flag -static works
configure:8442: result: yes
configure:8457: checking if gcc supports -c -o file.o
configure:8478: gcc -c -g -O2  -o out/conftest2.o conftest.c >&5
configure:8482: $? = 0
configure:8504: result: yes
configure:8512: checking if gcc supports -c -o file.o
configure:8559: result: yes
configure:8592: checking whether the gcc linker (/usr/bin/ld) supports shared libraries
configure:9750: result: yes
configure:9787: checking whether -lc should be explicitly linked in
configure:9795: gcc -c -g -O2  conftest.c >&5
configure:9798: $? = 0
configure:9813: gcc -shared  -fPIC -DPIC conftest.o  -v -Wl,-soname -Wl,conftest -o conftest 2\>\&1 \| /bin/grep  -lc  \>/dev/null 2\>\&1
configure:9816: $? = 0
configure:9830: result: no
configure:9995: checking dynamic linker characteristics
configure:10509: gcc -o conftest -g -O2   -Wl,-rpath -Wl,/foo conftest.c  >&5
configure:10509: $? = 0
configure:10731: result: GNU/Linux ld.so
configure:10838: checking how to hardcode library paths into programs
configure:10863: result: immediate
configure:11403: checking whether stripping libraries is possible
configure:11408: result: yes
configure:11443: checking if libtool supports shared libraries
configure:11445: result: yes
configure:11448: checking whether to build shared libraries
configure:11469: result: yes
configure:11472: checking whether to build static libraries
configure:11476: result: yes
configure:11560: checking for gcc
configure:11587: result: gcc
configure:11816: checking for C compiler version
configure:11825: gcc --version >&5
gcc (Ubuntu 5.4.0-6ubuntu1~16.04.10) 5.4.0 20160609
Copyright (C) 2015 Free Software Foundation, Inc.
This is free software; see the source for copying conditions.  There is NO
warranty; not even for MERCHANTABILITY or FITNESS FOR A PARTICULAR PURPOSE.

configure:11836: $? = 0
configure:11825: gcc -v >&5
Using built-in specs.
COLLECT_GCC=gcc
COLLECT_LTO_WRAPPER=/usr/lib/gcc/i686-linux-gnu/5/lto-wrapper
Target: i686-linux-gnu
Configured with: ../src/configure -v --with-pkgversion='Ubuntu 5.4.0-6ubuntu1~16.04.10' --with-bugurl=file:///usr/share/doc/gcc-5/README.Bugs --enable-languages=c,ada,c++,java,go,d,fortran,objc,obj-c++ --prefix=/usr --program-suffix=-5 --enable-shared --enable-linker-build-id --libexecdir=/usr/lib --without-included-gettext --enable-threads=posix --libdir=/usr/lib --enable-nls --with-sysroot=/ --enable-clocale=gnu --enable-libstdcxx-debug --enable-libstdcxx-time=yes --with-default-libstdcxx-abi=new --enable-gnu-unique-object --disable-vtable-verify --enable-libmpx --enable-plugin --with-system-zlib --disable-browser-plugin --enable-java-awt=gtk --enable-gtk-cairo --with-java-home=/usr/lib/jvm/java-1.5.0-gcj-5-i386/jre --enable-java-home --with-jvm-root-dir=/usr/lib/jvm/java-1.5.0-gcj-5-i386 --with-jvm-jar-dir=/usr/lib/jvm-exports/java-1.5.0-gcj-5-i386 --with-arch-directory=i386 --with-ecj-jar=/usr/share/java/eclipse-ecj.jar --enable-objc-gc --enable-targets=all --enable-multiarch --disable-werror --with-arch-32=i686 --with-multilib-list=m32,m64,mx32 --enable-multilib --with-tune=generic --enable-checking=release --build=i686-linux-gnu --host=i686-linux-gnu --target=i686-linux-gnu
Thread model: posix
gcc version 5.4.0 20160609 (Ubuntu 5.4.0-6ubuntu1~16.04.10) 
configure:11836: $? = 0
configure:11825: gcc -V >&5
gcc: error: unrecognized command line option '-V'
gcc: fatal error: no input files
compilation terminated.
configure:11836: $? = 1
configure:11825: gcc -qversion >&5
gcc: error: unrecognized command line option '-qversion'
gcc: fatal error: no input files
compilation terminated.
configure:11836: $? = 1
configure:11840: checking whether we are using the GNU C compiler
configure:11868: result: yes
configure:11877: checking whether gcc accepts -g
configure:11938: result: yes
configure:11955: checking for gcc option to accept ISO C89
configure:12031: result: none needed
configure:12056: checking whether gcc understands -c and -o together
configure:12093: result: yes
configure:12112: checking dependency style of gcc
configure:12223: result: gcc3
configure:12243: checking how to run the C preprocessor
configure:12313: result: gcc -E
configure:12333: gcc -E  conftest.c
configure:12333: $? = 0
configure:12347: gcc -E  conftest.c
conftest.c:23:28: fatal error: ac_nonexistent.h: No such file or directory
compilation terminated.
configure:12347: $? = 1
configure: failed program was:
| /* confdefs.h */
| #define PACKAGE_NAME "asn1c"
| #define PACKAGE_TARNAME "asn1c"
| #define PACKAGE_VERSION "0.9.28"
| #define PACKAGE_STRING "asn1c 0.9.28"
| #define PACKAGE_BUGREPORT "vlm@lionet.info"
| #define PACKAGE_URL ""
| #define PACKAGE "asn1c"
| #define VERSION "0.9.28"
| #define STDC_HEADERS 1
| #define HAVE_SYS_TYPES_H 1
| #define HAVE_SYS_STAT_H 1
| #define HAVE_STDLIB_H 1
| #define HAVE_STRING_H 1
| #define HAVE_MEMORY_H 1
| #define HAVE_STRINGS_H 1
| #define HAVE_INTTYPES_H 1
| #define HAVE_STDINT_H 1
| #define HAVE_UNISTD_H 1
| #define HAVE_DLFCN_H 1
| #define LT_OBJDIR ".libs/"
| /* end confdefs.h.  */
| #include <ac_nonexistent.h>
configure:12376: checking whether ln -s works
configure:12380: result: yes
configure:12387: checking whether make sets $(MAKE)
configure:12409: result: yes
configure:12422: checking for bison
configure:12452: result: no
configure:12422: checking for byacc
configure:12452: result: no
configure:12465: checking for flex
configure:12495: result: no
configure:12465: checking for lex
configure:12495: result: no
configure:12625: checking for ar
configure:12644: found /usr/bin/ar
configure:12657: result: /usr/bin/ar
configure:12676: checking whether make supports nested variables
configure:12693: result: yes
configure:12728: checking whether C compiler accepts -Wall
configure:12747: gcc -c -g -O2  -Wall  conftest.c >&5
configure:12747: $? = 0
configure:12755: result: yes
configure:12763: checking whether C compiler accepts -Wcast-qual
configure:12782: gcc -c -g -O2 -Wall  -Wcast-qual  conftest.c >&5
configure:12782: $? = 0
configure:12790: result: yes
configure:12798: checking whether C compiler accepts -Wchar-subscripts
configure:12817: gcc -c -g -O2 -Wall -Wcast-qual  -Wchar-subscripts  conftest.c >&5
configure:12817: $? = 0
configure:12825: result: yes
configure:12833: checking whether C compiler accepts -Wmissing-prototypes
configure:12852: gcc -c -g -O2 -Wall -Wcast-qual -Wchar-subscripts  -Wmissing-prototypes  conftest.c >&5
configure:12852: $? = 0
configure:12860: result: yes
configure:12868: checking whether C compiler accepts -Wmissing-declarations
configure:12887: gcc -c -g -O2 -Wall -Wcast-qual -Wchar-subscripts -Wmissing-prototypes  -Wmissing-declarations  conftest.c >&5
configure:12887: $? = 0
configure:12895: result: yes
configure:12904: checking whether C compiler accepts -Wno-error=cast-align
configure:12923: gcc -c -g -O2 -Wall -Wcast-qual -Wchar-subscripts -Wmissing-prototypes -Wmissing-declarations  -Wno-error=cast-align  conftest.c >&5
configure:12923: $? = 0
configure:12931: result: yes
configure:12939: checking whether C compiler accepts -Wno-error=visibility
configure:12958: gcc -c -g -O2 -Wall -Wcast-qual -Wchar-subscripts -Wmissing-prototypes -Wmissing-declarations -Wno-error=cast-align  -Wno-error=visibility  conftest.c >&5
cc1: error: -Werror=visibility: no option -Wvisibility
configure:12958: $? = 1
configure: failed program was:
| /* confdefs.h */
| #define PACKAGE_NAME "asn1c"
| #define PACKAGE_TARNAME "asn1c"
| #define PACKAGE_VERSION "0.9.28"
| #define PACKAGE_STRING "asn1c 0.9.28"
| #define PACKAGE_BUGREPORT "vlm@lionet.info"
| #define PACKAGE_URL ""
| #define PACKAGE "asn1c"
| #define VERSION "0.9.28"
| #define STDC_HEADERS 1
| #define HAVE_SYS_TYPES_H 1
| #define HAVE_SYS_STAT_H 1
| #define HAVE_STDLIB_H 1
| #define HAVE_STRING_H 1
| #define HAVE_MEMORY_H 1
| #define HAVE_STRINGS_H 1
| #define HAVE_INTTYPES_H 1
| #define HAVE_STDINT_H 1
| #define HAVE_UNISTD_H 1
| #define HAVE_DLFCN_H 1
| #define LT_OBJDIR ".libs/"
| /* end confdefs.h.  */
| 
| int
| main ()
| {
| 
|   ;
|   return 0;
| }
configure:12966: result: no
configure:12974: checking whether C compiler accepts -Wno-error=parentheses-equality
configure:12993: gcc -c -g -O2 -Wall -Wcast-qual -Wchar-subscripts -Wmissing-prototypes -Wmissing-declarations -Wno-error=cast-align  -Wno-error=parentheses-equality  conftest.c >&5
cc1: error: -Werror=parentheses-equality: no option -Wparentheses-equality
configure:12993: $? = 1
configure: failed program was:
| /* confdefs.h */
| #define PACKAGE_NAME "asn1c"
| #define PACKAGE_TARNAME "asn1c"
| #define PACKAGE_VERSION "0.9.28"
| #define PACKAGE_STRING "asn1c 0.9.28"
| #define PACKAGE_BUGREPORT "vlm@lionet.info"
| #define PACKAGE_URL ""
| #define PACKAGE "asn1c"
| #define VERSION "0.9.28"
| #define STDC_HEADERS 1
| #define HAVE_SYS_TYPES_H 1
| #define HAVE_SYS_STAT_H 1
| #define HAVE_STDLIB_H 1
| #define HAVE_STRING_H 1
| #define HAVE_MEMORY_H 1
| #define HAVE_STRINGS_H 1
| #define HAVE_INTTYPES_H 1
| #define HAVE_STDINT_H 1
| #define HAVE_UNISTD_H 1
| #define HAVE_DLFCN_H 1
| #define LT_OBJDIR ".libs/"
| /* end confdefs.h.  */
| 
| int
| main ()
| {
| 
|   ;
|   return 0;
| }
configure:13001: result: no
configure:13009: checking whether C compiler accepts -std=gnu99
configure:13028: gcc -c -g -O2 -Wall -Wcast-qual -Wchar-subscripts -Wmissing-prototypes -Wmissing-declarations -Wno-error=cast-align  -std=gnu99  conftest.c >&5
configure:13028: $? = 0
configure:13036: result: yes
configure:13044: checking whether C compiler accepts -Wno-error=unused-variable
configure:13063: gcc -c -g -O2 -Wall -Wcast-qual -Wchar-subscripts -Wmissing-prototypes -Wmissing-declarations -Wno-error=cast-align  -Wno-error=unused-variable  conftest.c >&5
configure:13063: $? = 0
configure:13071: result: yes
configure:13110: checking whether C compiler accepts -std=c89
configure:13129: gcc -c -g -O2 -Wall -Wcast-qual -Wchar-subscripts -Wmissing-prototypes -Wmissing-declarations -Wno-error=cast-align  -std=c89  conftest.c >&5
configure:13129: $? = 0
configure:13137: result: yes
configure:13145: checking whether C compiler accepts -Wpedantic
configure:13164: gcc -c -g -O2 -Wall -Wcast-qual -Wchar-subscripts -Wmissing-prototypes -Wmissing-declarations -Wno-error=cast-align  -Wpedantic  conftest.c >&5
configure:13164: $? = 0
configure:13172: result: yes
configure:13180: checking whether C compiler accepts -Wno-duplicate-decl-specifier
configure:13199: gcc -c -g -O2 -Wall -Wcast-qual -Wchar-subscripts -Wmissing-prototypes -Wmissing-declarations -Wno-error=cast-align  -Wno-duplicate-decl-specifier  conftest.c >&5
configure:13199: $? = 0
configure:13207: result: yes
configure:13217: checking for ANSI C header files
configure:13321: result: yes
configure:13331: checking sys/param.h usability
configure:13331: gcc -c -g -O2 -Wall -Wcast-qual -Wchar-subscripts -Wmissing-prototypes -Wmissing-declarations -Wno-error=cast-align  conftest.c >&5
configure:13331: $? = 0
configure:13331: result: yes
configure:13331: checking sys/param.h presence
configure:13331: gcc -E  conftest.c
configure:13331: $? = 0
configure:13331: result: yes
configure:13331: checking for sys/param.h
configure:13331: result: yes
configure:13343: checking alloca.h usability
configure:13343: gcc -c -g -O2 -Wall -Wcast-qual -Wchar-subscripts -Wmissing-prototypes -Wmissing-declarations -Wno-error=cast-align  conftest.c >&5
configure:13343: $? = 0
configure:13343: result: yes
configure:13343: checking alloca.h presence
configure:13343: gcc -E  conftest.c
configure:13343: $? = 0
configure:13343: result: yes
configure:13343: checking for alloca.h
configure:13343: result: yes
configure:13354: checking whether byte ordering is bigendian
configure:13369: gcc -c -g -O2 -Wall -Wcast-qual -Wchar-subscripts -Wmissing-prototypes -Wmissing-declarations -Wno-error=cast-align  conftest.c >&5
conftest.c:27:9: error: unknown type name 'not'
         not a universal capable compiler
         ^
conftest.c:27:15: error: expected '=', ',', ';', 'asm' or '__attribute__' before 'universal'
         not a universal capable compiler
               ^
conftest.c:27:15: error: unknown type name 'universal'
configure:13369: $? = 1
configure: failed program was:
| /* confdefs.h */
| #define PACKAGE_NAME "asn1c"
| #define PACKAGE_TARNAME "asn1c"
| #define PACKAGE_VERSION "0.9.28"
| #define PACKAGE_STRING "asn1c 0.9.28"
| #define PACKAGE_BUGREPORT "vlm@lionet.info"
| #define PACKAGE_URL ""
| #define PACKAGE "asn1c"
| #define VERSION "0.9.28"
| #define STDC_HEADERS 1
| #define HAVE_SYS_TYPES_H 1
| #define HAVE_SYS_STAT_H 1
| #define HAVE_STDLIB_H 1
| #define HAVE_STRING_H 1
| #define HAVE_MEMORY_H 1
| #define HAVE_STRINGS_H 1
| #define HAVE_INTTYPES_H 1
| #define HAVE_STDINT_H 1
| #define HAVE_UNISTD_H 1
| #define HAVE_DLFCN_H 1
| #define LT_OBJDIR ".libs/"
| #define STDC_HEADERS 1
| #define HAVE_SYS_PARAM_H 1
| #define HAVE_ALLOCA_H 1
| /* end confdefs.h.  */
| #ifndef __APPLE_CC__
| 	       not a universal capable compiler
| 	     #endif
| 	     typedef int dummy;
| 
configure:13414: gcc -c -g -O2 -Wall -Wcast-qual -Wchar-subscripts -Wmissing-prototypes -Wmissing-declarations -Wno-error=cast-align  conftest.c >&5
configure:13414: $? = 0
configure:13432: gcc -c -g -O2 -Wall -Wcast-qual -Wchar-subscripts -Wmissing-prototypes -Wmissing-declarations -Wno-error=cast-align  conftest.c >&5
conftest.c: In function 'main':
conftest.c:33:4: error: unknown type name 'not'
    not big endian
    ^
conftest.c:33:12: error: expected '=', ',', ';', 'asm' or '__attribute__' before 'endian'
    not big endian
            ^
configure:13432: $? = 1
configure: failed program was:
| /* confdefs.h */
| #define PACKAGE_NAME "asn1c"
| #define PACKAGE_TARNAME "asn1c"
| #define PACKAGE_VERSION "0.9.28"
| #define PACKAGE_STRING "asn1c 0.9.28"
| #define PACKAGE_BUGREPORT "vlm@lionet.info"
| #define PACKAGE_URL ""
| #define PACKAGE "asn1c"
| #define VERSION "0.9.28"
| #define STDC_HEADERS 1
| #define HAVE_SYS_TYPES_H 1
| #define HAVE_SYS_STAT_H 1
| #define HAVE_STDLIB_H 1
| #define HAVE_STRING_H 1
| #define HAVE_MEMORY_H 1
| #define HAVE_STRINGS_H 1
| #define HAVE_INTTYPES_H 1
| #define HAVE_STDINT_H 1
| #define HAVE_UNISTD_H 1
| #define HAVE_DLFCN_H 1
| #define LT_OBJDIR ".libs/"
| #define STDC_HEADERS 1
| #define HAVE_SYS_PARAM_H 1
| #define HAVE_ALLOCA_H 1
| /* end confdefs.h.  */
| #include <sys/types.h>
| 		#include <sys/param.h>
| 
| int
| main ()
| {
| #if BYTE_ORDER != BIG_ENDIAN
| 		 not big endian
| 		#endif
| 
|   ;
|   return 0;
| }
configure:13560: result: no
configure:13578: checking for off_t
configure:13578: gcc -c -g -O2 -Wall -Wcast-qual -Wchar-subscripts -Wmissing-prototypes -Wmissing-declarations -Wno-error=cast-align  conftest.c >&5
configure:13578: $? = 0
configure:13578: gcc -c -g -O2 -Wall -Wcast-qual -Wchar-subscripts -Wmissing-prototypes -Wmissing-declarations -Wno-error=cast-align  conftest.c >&5
conftest.c: In function 'main':
conftest.c:62:20: error: expected expression before ')' token
 if (sizeof ((off_t)))
                    ^
configure:13578: $? = 1
configure: failed program was:
| /* confdefs.h */
| #define PACKAGE_NAME "asn1c"
| #define PACKAGE_TARNAME "asn1c"
| #define PACKAGE_VERSION "0.9.28"
| #define PACKAGE_STRING "asn1c 0.9.28"
| #define PACKAGE_BUGREPORT "vlm@lionet.info"
| #define PACKAGE_URL ""
| #define PACKAGE "asn1c"
| #define VERSION "0.9.28"
| #define STDC_HEADERS 1
| #define HAVE_SYS_TYPES_H 1
| #define HAVE_SYS_STAT_H 1
| #define HAVE_STDLIB_H 1
| #define HAVE_STRING_H 1
| #define HAVE_MEMORY_H 1
| #define HAVE_STRINGS_H 1
| #define HAVE_INTTYPES_H 1
| #define HAVE_STDINT_H 1
| #define HAVE_UNISTD_H 1
| #define HAVE_DLFCN_H 1
| #define LT_OBJDIR ".libs/"
| #define STDC_HEADERS 1
| #define HAVE_SYS_PARAM_H 1
| #define HAVE_ALLOCA_H 1
| /* end confdefs.h.  */
| #include <stdio.h>
| #ifdef HAVE_SYS_TYPES_H
| # include <sys/types.h>
| #endif
| #ifdef HAVE_SYS_STAT_H
| # include <sys/stat.h>
| #endif
| #ifdef STDC_HEADERS
| # include <stdlib.h>
| # include <stddef.h>
| #else
| # ifdef HAVE_STDLIB_H
| #  include <stdlib.h>
| # endif
| #endif
| #ifdef HAVE_STRING_H
| # if !defined STDC_HEADERS && defined HAVE_MEMORY_H
| #  include <memory.h>
| # endif
| # include <string.h>
| #endif
| #ifdef HAVE_STRINGS_H
| # include <strings.h>
| #endif
| #ifdef HAVE_INTTYPES_H
| # include <inttypes.h>
| #endif
| #ifdef HAVE_STDINT_H
| # include <stdint.h>
| #endif
| #ifdef HAVE_UNISTD_H
| # include <unistd.h>
| #endif
| int
| main ()
| {
| if (sizeof ((off_t)))
| 	    return 0;
|   ;
|   return 0;
| }
configure:13578: result: yes
configure:13589: checking for size_t
configure:13589: gcc -c -g -O2 -Wall -Wcast-qual -Wchar-subscripts -Wmissing-prototypes -Wmissing-declarations -Wno-error=cast-align  conftest.c >&5
configure:13589: $? = 0
configure:13589: gcc -c -g -O2 -Wall -Wcast-qual -Wchar-subscripts -Wmissing-prototypes -Wmissing-declarations -Wno-error=cast-align  conftest.c >&5
conftest.c: In function 'main':
conftest.c:62:21: error: expected expression before ')' token
 if (sizeof ((size_t)))
                     ^
configure:13589: $? = 1
configure: failed program was:
| /* confdefs.h */
| #define PACKAGE_NAME "asn1c"
| #define PACKAGE_TARNAME "asn1c"
| #define PACKAGE_VERSION "0.9.28"
| #define PACKAGE_STRING "asn1c 0.9.28"
| #define PACKAGE_BUGREPORT "vlm@lionet.info"
| #define PACKAGE_URL ""
| #define PACKAGE "asn1c"
| #define VERSION "0.9.28"
| #define STDC_HEADERS 1
| #define HAVE_SYS_TYPES_H 1
| #define HAVE_SYS_STAT_H 1
| #define HAVE_STDLIB_H 1
| #define HAVE_STRING_H 1
| #define HAVE_MEMORY_H 1
| #define HAVE_STRINGS_H 1
| #define HAVE_INTTYPES_H 1
| #define HAVE_STDINT_H 1
| #define HAVE_UNISTD_H 1
| #define HAVE_DLFCN_H 1
| #define LT_OBJDIR ".libs/"
| #define STDC_HEADERS 1
| #define HAVE_SYS_PARAM_H 1
| #define HAVE_ALLOCA_H 1
| /* end confdefs.h.  */
| #include <stdio.h>
| #ifdef HAVE_SYS_TYPES_H
| # include <sys/types.h>
| #endif
| #ifdef HAVE_SYS_STAT_H
| # include <sys/stat.h>
| #endif
| #ifdef STDC_HEADERS
| # include <stdlib.h>
| # include <stddef.h>
| #else
| # ifdef HAVE_STDLIB_H
| #  include <stdlib.h>
| # endif
| #endif
| #ifdef HAVE_STRING_H
| # if !defined STDC_HEADERS && defined HAVE_MEMORY_H
| #  include <memory.h>
| # endif
| # include <string.h>
| #endif
| #ifdef HAVE_STRINGS_H
| # include <strings.h>
| #endif
| #ifdef HAVE_INTTYPES_H
| # include <inttypes.h>
| #endif
| #ifdef HAVE_STDINT_H
| # include <stdint.h>
| #endif
| #ifdef HAVE_UNISTD_H
| # include <unistd.h>
| #endif
| int
| main ()
| {
| if (sizeof ((size_t)))
| 	    return 0;
|   ;
|   return 0;
| }
configure:13589: result: yes
configure:13600: checking whether struct tm is in sys/time.h or time.h
configure:13620: gcc -c -g -O2 -Wall -Wcast-qual -Wchar-subscripts -Wmissing-prototypes -Wmissing-declarations -Wno-error=cast-align  conftest.c >&5
configure:13620: $? = 0
configure:13627: result: time.h
configure:13635: checking for intmax_t
configure:13635: gcc -c -g -O2 -Wall -Wcast-qual -Wchar-subscripts -Wmissing-prototypes -Wmissing-declarations -Wno-error=cast-align  conftest.c >&5
configure:13635: $? = 0
configure:13635: gcc -c -g -O2 -Wall -Wcast-qual -Wchar-subscripts -Wmissing-prototypes -Wmissing-declarations -Wno-error=cast-align  conftest.c >&5
conftest.c: In function 'main':
conftest.c:62:23: error: expected expression before ')' token
 if (sizeof ((intmax_t)))
                       ^
configure:13635: $? = 1
configure: failed program was:
| /* confdefs.h */
| #define PACKAGE_NAME "asn1c"
| #define PACKAGE_TARNAME "asn1c"
| #define PACKAGE_VERSION "0.9.28"
| #define PACKAGE_STRING "asn1c 0.9.28"
| #define PACKAGE_BUGREPORT "vlm@lionet.info"
| #define PACKAGE_URL ""
| #define PACKAGE "asn1c"
| #define VERSION "0.9.28"
| #define STDC_HEADERS 1
| #define HAVE_SYS_TYPES_H 1
| #define HAVE_SYS_STAT_H 1
| #define HAVE_STDLIB_H 1
| #define HAVE_STRING_H 1
| #define HAVE_MEMORY_H 1
| #define HAVE_STRINGS_H 1
| #define HAVE_INTTYPES_H 1
| #define HAVE_STDINT_H 1
| #define HAVE_UNISTD_H 1
| #define HAVE_DLFCN_H 1
| #define LT_OBJDIR ".libs/"
| #define STDC_HEADERS 1
| #define HAVE_SYS_PARAM_H 1
| #define HAVE_ALLOCA_H 1
| /* end confdefs.h.  */
| #include <stdio.h>
| #ifdef HAVE_SYS_TYPES_H
| # include <sys/types.h>
| #endif
| #ifdef HAVE_SYS_STAT_H
| # include <sys/stat.h>
| #endif
| #ifdef STDC_HEADERS
| # include <stdlib.h>
| # include <stddef.h>
| #else
| # ifdef HAVE_STDLIB_H
| #  include <stdlib.h>
| # endif
| #endif
| #ifdef HAVE_STRING_H
| # if !defined STDC_HEADERS && defined HAVE_MEMORY_H
| #  include <memory.h>
| # endif
| # include <string.h>
| #endif
| #ifdef HAVE_STRINGS_H
| # include <strings.h>
| #endif
| #ifdef HAVE_INTTYPES_H
| # include <inttypes.h>
| #endif
| #ifdef HAVE_STDINT_H
| # include <stdint.h>
| #endif
| #ifdef HAVE_UNISTD_H
| # include <unistd.h>
| #endif
| int
| main ()
| {
| if (sizeof ((intmax_t)))
| 	    return 0;
|   ;
|   return 0;
| }
configure:13635: result: yes
configure:13647: checking size of long is longer than 32 bit
configure:13663: gcc -c -g -O2 -Wall -Wcast-qual -Wchar-subscripts -Wmissing-prototypes -Wmissing-declarations -Wno-error=cast-align  conftest.c >&5
conftest.c: In function 'main':
conftest.c:32:34: error: 'dummy' undeclared (first use in this function)
 switch (0) case 0: case (sizeof (dummy) >= 8):;
                                  ^
conftest.c:32:34: note: each undeclared identifier is reported only once for each function it appears in
configure:13663: $? = 1
configure: failed program was:
| /* confdefs.h */
| #define PACKAGE_NAME "asn1c"
| #define PACKAGE_TARNAME "asn1c"
| #define PACKAGE_VERSION "0.9.28"
| #define PACKAGE_STRING "asn1c 0.9.28"
| #define PACKAGE_BUGREPORT "vlm@lionet.info"
| #define PACKAGE_URL ""
| #define PACKAGE "asn1c"
| #define VERSION "0.9.28"
| #define STDC_HEADERS 1
| #define HAVE_SYS_TYPES_H 1
| #define HAVE_SYS_STAT_H 1
| #define HAVE_STDLIB_H 1
| #define HAVE_STRING_H 1
| #define HAVE_MEMORY_H 1
| #define HAVE_STRINGS_H 1
| #define HAVE_INTTYPES_H 1
| #define HAVE_STDINT_H 1
| #define HAVE_UNISTD_H 1
| #define HAVE_DLFCN_H 1
| #define LT_OBJDIR ".libs/"
| #define STDC_HEADERS 1
| #define HAVE_SYS_PARAM_H 1
| #define HAVE_ALLOCA_H 1
| /* end confdefs.h.  */
| #include "confdefs.h"
| #include <sys/types.h>
| 
| int
| main ()
| {
| switch (0) case 0: case (sizeof (dummy) >= 8):;
|   ;
|   return 0;
| }
configure:13669: result: no
configure:13681: checking for library containing getopt
configure:13712: gcc -o conftest -g -O2 -Wall -Wcast-qual -Wchar-subscripts -Wmissing-prototypes -Wmissing-declarations -Wno-error=cast-align   conftest.c  >&5
configure:13712: $? = 0
configure:13729: result: none required
configure:13741: checking for strtoimax
configure:13741: gcc -o conftest -g -O2 -Wall -Wcast-qual -Wchar-subscripts -Wmissing-prototypes -Wmissing-declarations -Wno-error=cast-align   conftest.c  >&5
configure:13741: $? = 0
configure:13741: result: yes
configure:13741: checking for strtoll
configure:13741: gcc -o conftest -g -O2 -Wall -Wcast-qual -Wchar-subscripts -Wmissing-prototypes -Wmissing-declarations -Wno-error=cast-align   conftest.c  >&5
configure:13741: $? = 0
configure:13741: result: yes
configure:13752: checking for mergesort
configure:13752: gcc -o conftest -g -O2 -Wall -Wcast-qual -Wchar-subscripts -Wmissing-prototypes -Wmissing-declarations -Wno-error=cast-align   conftest.c  >&5
/tmp/ccBVhptL.o: In function `main':
/home/yzh/CA/ca/asn/asn1c-0.9.28/conftest.c:62: undefined reference to `mergesort'
collect2: error: ld returned 1 exit status
configure:13752: $? = 1
configure: failed program was:
| /* confdefs.h */
| #define PACKAGE_NAME "asn1c"
| #define PACKAGE_TARNAME "asn1c"
| #define PACKAGE_VERSION "0.9.28"
| #define PACKAGE_STRING "asn1c 0.9.28"
| #define PACKAGE_BUGREPORT "vlm@lionet.info"
| #define PACKAGE_URL ""
| #define PACKAGE "asn1c"
| #define VERSION "0.9.28"
| #define STDC_HEADERS 1
| #define HAVE_SYS_TYPES_H 1
| #define HAVE_SYS_STAT_H 1
| #define HAVE_STDLIB_H 1
| #define HAVE_STRING_H 1
| #define HAVE_MEMORY_H 1
| #define HAVE_STRINGS_H 1
| #define HAVE_INTTYPES_H 1
| #define HAVE_STDINT_H 1
| #define HAVE_UNISTD_H 1
| #define HAVE_DLFCN_H 1
| #define LT_OBJDIR ".libs/"
| #define STDC_HEADERS 1
| #define HAVE_SYS_PARAM_H 1
| #define HAVE_ALLOCA_H 1
| #define HAVE_STRTOIMAX 1
| #define HAVE_STRTOLL 1
| /* end confdefs.h.  */
| /* Define mergesort to an innocuous variant, in case <limits.h> declares mergesort.
|    For example, HP-UX 11i <limits.h> declares gettimeofday.  */
| #define mergesort innocuous_mergesort
| 
| /* System header to define __stub macros and hopefully few prototypes,
|     which can conflict with char mergesort (); below.
|     Prefer <limits.h> to <assert.h> if __STDC__ is defined, since
|     <limits.h> exists even on freestanding compilers.  */
| 
| #ifdef __STDC__
| # include <limits.h>
| #else
| # include <assert.h>
| #endif
| 
| #undef mergesort
| 
| /* Override any GCC internal prototype to avoid an error.
|    Use char because int might match the return type of a GCC
|    builtin and then its argument prototype would still apply.  */
| #ifdef __cplusplus
| extern "C"
| #endif
| char mergesort ();
| /* The GNU C library defines this for functions which it implements
|     to always fail with ENOSYS.  Some functions are actually named
|     something starting with __ and the normal name is an alias.  */
| #if defined __stub_mergesort || defined __stub___mergesort
| choke me
| #endif
| 
| int
| main ()
| {
| return mergesort ();
|   ;
|   return 0;
| }
configure:13752: result: no
configure:13763: checking for mkstemps
configure:13763: gcc -o conftest -g -O2 -Wall -Wcast-qual -Wchar-subscripts -Wmissing-prototypes -Wmissing-declarations -Wno-error=cast-align   conftest.c  >&5
configure:13763: $? = 0
configure:13763: result: yes
configure:13774: checking for timegm
configure:13774: gcc -o conftest -g -O2 -Wall -Wcast-qual -Wchar-subscripts -Wmissing-prototypes -Wmissing-declarations -Wno-error=cast-align   conftest.c  >&5
configure:13774: $? = 0
configure:13774: result: yes
configure:13783: checking whether alloca strcasecmp is declared
configure:13783: gcc -c -g -O2 -Wall -Wcast-qual -Wchar-subscripts -Wmissing-prototypes -Wmissing-declarations -Wno-error=cast-align  conftest.c >&5
conftest.c: In function 'main':
conftest.c:66:16: warning: extra tokens at end of #ifndef directive
 #ifndef alloca strcasecmp
                ^
configure:13783: $? = 0
configure:13783: result: yes
configure:13812: gcc -o conftest -g -O2 -Wall -Wcast-qual -Wchar-subscripts -Wmissing-prototypes -Wmissing-declarations -Wno-error=cast-align   conftest.c  >&5
configure:13812: $? = 0
configure:13822: checking for pandoc
configure:13855: result: no
configure:13980: checking that generated files are newer than configure
configure:13986: result: done
configure:14022: creating ./config.status

## ---------------------- ##
## Running config.status. ##
## ---------------------- ##

This file was extended by asn1c config.status 0.9.28, which was
generated by GNU Autoconf 2.69.  Invocation command line was

  CONFIG_FILES    = 
  CONFIG_HEADERS  = 
  CONFIG_LINKS    = 
  CONFIG_COMMANDS = 
  $ ./config.status 

on ubuntu32

config.status:1116: creating asn1c/tests/check-src/Makefile
config.status:1116: creating skeletons/tests/Makefile
config.status:1116: creating libasn1compiler/Makefile
config.status:1116: creating libasn1parser/Makefile
config.status:1116: creating libasn1print/Makefile
config.status:1116: creating asn1c/tests/Makefile
config.status:1116: creating libasn1fix/Makefile
config.status:1116: creating doc/docsrc/Makefile
config.status:1116: creating skeletons/Makefile
config.status:1116: creating examples/Makefile
config.status:1116: creating doc/man/Makefile
config.status:1116: creating tests/Makefile
config.status:1116: creating asn1c/Makefile
config.status:1116: creating doc/Makefile
config.status:1116: creating Makefile
config.status:1116: creating config.h
config.status:1345: executing depfiles commands
config.status:1345: executing libtool commands

## ---------------- ##
## Cache variables. ##
## ---------------- ##

ac_cv_build=i686-pc-linux-gnu
ac_cv_c_bigendian=no
ac_cv_c_compiler_gnu=yes
ac_cv_env_CC_set=
ac_cv_env_CC_value=
ac_cv_env_CFLAGS_set=
ac_cv_env_CFLAGS_value=
ac_cv_env_CPPFLAGS_set=
ac_cv_env_CPPFLAGS_value=
ac_cv_env_CPP_set=
ac_cv_env_CPP_value=
ac_cv_env_LDFLAGS_set=
ac_cv_env_LDFLAGS_value=
ac_cv_env_LIBS_set=
ac_cv_env_LIBS_value=
ac_cv_env_YACC_set=
ac_cv_env_YACC_value=
ac_cv_env_YFLAGS_set=
ac_cv_env_YFLAGS_value=
ac_cv_env_build_alias_set=
ac_cv_env_build_alias_value=
ac_cv_env_host_alias_set=
ac_cv_env_host_alias_value=
ac_cv_env_target_alias_set=
ac_cv_env_target_alias_value=
ac_cv_func_mergesort=no
ac_cv_func_mkstemps=yes
ac_cv_func_strtoimax=yes
ac_cv_func_strtoll=yes
ac_cv_func_timegm=yes
ac_cv_have_decl_alloca_strcasecmp=yes
ac_cv_header_alloca_h=yes
ac_cv_header_dlfcn_h=yes
ac_cv_header_inttypes_h=yes
ac_cv_header_memory_h=yes
ac_cv_header_stdc=yes
ac_cv_header_stdint_h=yes
ac_cv_header_stdlib_h=yes
ac_cv_header_string_h=yes
ac_cv_header_strings_h=yes
ac_cv_header_sys_param_h=yes
ac_cv_header_sys_stat_h=yes
ac_cv_header_sys_types_h=yes
ac_cv_header_unistd_h=yes
ac_cv_host=i686-pc-linux-gnu
ac_cv_objext=o
ac_cv_path_AR=/usr/bin/ar
ac_cv_path_EGREP='/bin/grep -E'
ac_cv_path_FGREP='/bin/grep -F'
ac_cv_path_GREP=/bin/grep
ac_cv_path_SED=/bin/sed
ac_cv_path_install='/usr/bin/install -c'
ac_cv_path_mkdir=/bin/mkdir
ac_cv_prog_AWK=mawk
ac_cv_prog_CPP='gcc -E'
ac_cv_prog_ac_ct_AR=ar
ac_cv_prog_ac_ct_CC=gcc
ac_cv_prog_ac_ct_MANIFEST_TOOL=mt
ac_cv_prog_ac_ct_OBJDUMP=objdump
ac_cv_prog_ac_ct_RANLIB=ranlib
ac_cv_prog_ac_ct_STRIP=strip
ac_cv_prog_cc_c89=
ac_cv_prog_cc_g=yes
ac_cv_prog_make_make_set=yes
ac_cv_search_getopt='none required'
ac_cv_struct_tm=time.h
ac_cv_type_intmax_t=yes
ac_cv_type_off_t=yes
ac_cv_type_size_t=yes
am_cv_CC_dependencies_compiler_type=gcc3
am_cv_make_support_nested_variables=yes
am_cv_prog_cc_c_o=yes
ax_cv_check_cflags___Wall=yes
ax_cv_check_cflags___Wcast_qual=yes
ax_cv_check_cflags___Wchar_subscripts=yes
ax_cv_check_cflags___Wmissing_declarations=yes
ax_cv_check_cflags___Wmissing_prototypes=yes
ax_cv_check_cflags___Wno_duplicate_decl_specifier=yes
ax_cv_check_cflags___Wno_error_cast_align=yes
ax_cv_check_cflags___Wno_error_parentheses_equality=no
ax_cv_check_cflags___Wno_error_unused_variable=yes
ax_cv_check_cflags___Wno_error_visibility=no
ax_cv_check_cflags___Wpedantic=yes
ax_cv_check_cflags___std_c89=yes
ax_cv_check_cflags___std_gnu99=yes
lt_cv_ar_at_file=@
lt_cv_archive_cmds_need_lc=no
lt_cv_deplibs_check_method=pass_all
lt_cv_file_magic_cmd='$MAGIC_CMD'
lt_cv_file_magic_test_file=
lt_cv_ld_reload_flag=-r
lt_cv_nm_interface='BSD nm'
lt_cv_objdir=.libs
lt_cv_path_LD=/usr/bin/ld
lt_cv_path_NM='/usr/bin/nm -B'
lt_cv_path_mainfest_tool=no
lt_cv_prog_compiler_c_o=yes
lt_cv_prog_compiler_pic='-fPIC -DPIC'
lt_cv_prog_compiler_pic_works=yes
lt_cv_prog_compiler_rtti_exceptions=no
lt_cv_prog_compiler_static_works=yes
lt_cv_prog_gnu_ld=yes
lt_cv_sharedlib_from_linklib_cmd='printf %s\n'
lt_cv_shlibpath_overrides_runpath=no
lt_cv_sys_global_symbol_pipe='sed -n -e '\''s/^.*[	 ]\([ABCDGIRSTW][ABCDGIRSTW]*\)[	 ][	 ]*\([_A-Za-z][_A-Za-z0-9]*\)$/\1 \2 \2/p'\'' | sed '\''/ __gnu_lto/d'\'''
lt_cv_sys_global_symbol_to_c_name_address='sed -n -e '\''s/^: \([^ ]*\)[ ]*$/  {\"\1\", (void *) 0},/p'\'' -e '\''s/^[ABCDGIRSTW]* \([^ ]*\) \([^ ]*\)$/  {"\2", (void *) \&\2},/p'\'''
lt_cv_sys_global_symbol_to_c_name_address_lib_prefix='sed -n -e '\''s/^: \([^ ]*\)[ ]*$/  {\"\1\", (void *) 0},/p'\'' -e '\''s/^[ABCDGIRSTW]* \([^ ]*\) \(lib[^ ]*\)$/  {"\2", (void *) \&\2},/p'\'' -e '\''s/^[ABCDGIRSTW]* \([^ ]*\) \([^ ]*\)$/  {"lib\2", (void *) \&\2},/p'\'''
lt_cv_sys_global_symbol_to_cdecl='sed -n -e '\''s/^T .* \(.*\)$/extern int \1();/p'\'' -e '\''s/^[ABCDGIRSTW]* .* \(.*\)$/extern char \1;/p'\'''
lt_cv_sys_max_cmd_len=1572864
lt_cv_to_host_file_cmd=func_convert_file_noop
lt_cv_to_tool_file_cmd=func_convert_file_noop

## ----------------- ##
## Output variables. ##
## ----------------- ##

ACLOCAL='aclocal-1.15'
ADD_CFLAGS=''
AMDEPBACKSLASH='\'
AMDEP_FALSE='#'
AMDEP_TRUE=''
AMTAR='$${TAR-tar}'
AM_BACKSLASH='\'
AM_DEFAULT_V='$(AM_DEFAULT_VERBOSITY)'
AM_DEFAULT_VERBOSITY='0'
AM_V='$(V)'
AR='/usr/bin/ar'
AUTOCONF='autoconf'
AUTOHEADER='autoheader'
AUTOMAKE='automake-1.15'
AWK='mawk'
CC='gcc'
CCDEPMODE='depmode=gcc3'
CFLAGS='-g -O2 -Wall -Wcast-qual -Wchar-subscripts -Wmissing-prototypes -Wmissing-declarations -Wno-error=cast-align'
CPP='gcc -E'
CPPFLAGS=''
CYGPATH_W='echo'
DEFS='-DHAVE_CONFIG_H'
DEPDIR='.deps'
DLLTOOL='false'
DSYMUTIL=''
DUMPBIN=''
ECHO_C=''
ECHO_N='-n'
ECHO_T=''
EGREP='/bin/grep -E'
EXEEXT=''
FGREP='/bin/grep -F'
GREP='/bin/grep'
HAVE_PANDOC_FALSE=''
HAVE_PANDOC_TRUE='#'
INSTALL_DATA='${INSTALL} -m 644'
INSTALL_PROGRAM='${INSTALL}'
INSTALL_SCRIPT='${INSTALL}'
INSTALL_STRIP_PROGRAM='$(install_sh) -c -s'
LD='/usr/bin/ld'
LDFLAGS=''
LEX='flex'
LEXLIB=''
LEX_OUTPUT_ROOT=''
LIBOBJS=''
LIBS=''
LIBTOOL='$(SHELL) $(top_builddir)/libtool'
LIPO=''
LN_S='ln -s'
LTLIBOBJS=''
MAKEINFO='makeinfo'
MANIFEST_TOOL=':'
MKDIR_P='/bin/mkdir -p'
NM='/usr/bin/nm -B'
NMEDIT=''
OBJDUMP='objdump'
OBJEXT='o'
OTOOL64=''
OTOOL=''
PACKAGE='asn1c'
PACKAGE_BUGREPORT='vlm@lionet.info'
PACKAGE_NAME='asn1c'
PACKAGE_STRING='asn1c 0.9.28'
PACKAGE_TARNAME='asn1c'
PACKAGE_URL=''
PACKAGE_VERSION='0.9.28'
PANDOC=''
PATH_SEPARATOR=':'
RANLIB='ranlib'
SED='/bin/sed'
SET_MAKE=''
SHELL='/bin/bash'
SKELETONS_CFLAGS='  -std=c89 -Wpedantic -Wno-duplicate-decl-specifier'
STRIP='strip'
TESTSUITE_CFLAGS=' -std=gnu99 -Wno-error=unused-variable'
TEST_64BIT_FALSE=''
TEST_64BIT_TRUE='#'
VERSION='0.9.28'
YACC='yacc'
YFLAGS=''
ac_ct_AR='ar'
ac_ct_CC='gcc'
ac_ct_DUMPBIN=''
am__EXEEXT_FALSE=''
am__EXEEXT_TRUE='#'
am__fastdepCC_FALSE='#'
am__fastdepCC_TRUE=''
am__include='include'
am__isrc=''
am__leading_dot='.'
am__nodep='_no'
am__quote=''
am__tar='$${TAR-tar} chof - "$$tardir"'
am__untar='$${TAR-tar} xf -'
bindir='${exec_prefix}/bin'
build='i686-pc-linux-gnu'
build_alias=''
build_cpu='i686'
build_os='linux-gnu'
build_vendor='pc'
datadir='${datarootdir}'
datarootdir='${prefix}/share'
docdir='${datarootdir}/doc/${PACKAGE_TARNAME}'
dvidir='${docdir}'
exec_prefix='${prefix}'
host='i686-pc-linux-gnu'
host_alias=''
host_cpu='i686'
host_os='linux-gnu'
host_vendor='pc'
htmldir='${docdir}'
includedir='${prefix}/include'
infodir='${datarootdir}/info'
install_sh='${SHELL} /home/yzh/CA/ca/asn/asn1c-0.9.28/config/install-sh'
libdir='${exec_prefix}/lib'
libexecdir='${exec_prefix}/libexec'
localedir='${datarootdir}/locale'
localstatedir='${prefix}/var'
mandir='${datarootdir}/man'
mkdir_p='$(MKDIR_P)'
oldincludedir='/usr/include'
pdfdir='${docdir}'
prefix='/home/yzh/CA/ca/asn/asn1c-0.9.28'
program_transform_name='s,x,x,'
psdir='${docdir}'
sbindir='${exec_prefix}/sbin'
sharedstatedir='${prefix}/com'
sysconfdir='${prefix}/etc'
target_alias=''

## ----------- ##
## confdefs.h. ##
## ----------- ##

/* confdefs.h */
#define PACKAGE_NAME "asn1c"
#define PACKAGE_TARNAME "asn1c"
#define PACKAGE_VERSION "0.9.28"
#define PACKAGE_STRING "asn1c 0.9.28"
#define PACKAGE_BUGREPORT "vlm@lionet.info"
#define PACKAGE_URL ""
#define PACKAGE "asn1c"
#define VERSION "0.9.28"
#define STDC_HEADERS 1
#define HAVE_SYS_TYPES_H 1
#define HAVE_SYS_STAT_H 1
#define HAVE_STDLIB_H 1
#define HAVE_STRING_H 1
#define HAVE_MEMORY_H 1
#define HAVE_STRINGS_H 1
#define HAVE_INTTYPES_H 1
#define HAVE_STDINT_H 1
#define HAVE_UNISTD_H 1
#define HAVE_DLFCN_H 1
#define LT_OBJDIR ".libs/"
#define STDC_HEADERS 1
#define HAVE_SYS_PARAM_H 1
#define HAVE_ALLOCA_H 1
#define HAVE_STRTOIMAX 1
#define HAVE_STRTOLL 1
#define HAVE_MKSTEMPS 1
#define HAVE_TIMEGM 1
#define HAVE_DECL_ALLOCA_STRCASECMP 1
#define HAVE_SYMLINK 1

configure: exit 0
