The system is: Linux - 4.10.0-28-generic - x86_64
Compiling the C compiler identification source file "CMakeCCompilerId.c" succeeded.
Compiler: /opt/fsl-imx-fb/4.9.88-2.0.0/sysroots/x86_64-pokysdk-linux/usr/bin/arm-poky-linux-gnueabi/arm-poky-linux-gnueabi-gcc -march=armv7-a;-mfpu=neon;-mfloat-abi=hard;-mcpu=cortex-a9;--sysroot=/opt/fsl-imx-fb/4.9.88-2.0.0/sysroots/cortexa9hf-neon-poky-linux-gnueabi
Build flags: ;-O2;-pipe;-g;-feliminate-unused-debug-types;
Id flags:  

The output was:
0


Compilation of the C compiler identification source "CMakeCCompilerId.c" produced "a.out"

The C compiler identification is GNU, found in "/home/yzh/CA/CA/CA/build/CMakeFiles/3.8.2/CompilerIdC/a.out"

Compiling the CXX compiler identification source file "CMakeCXXCompilerId.cpp" succeeded.
Compiler: /opt/fsl-imx-fb/4.9.88-2.0.0/sysroots/x86_64-pokysdk-linux/usr/bin/arm-poky-linux-gnueabi/arm-poky-linux-gnueabi-g++ -march=armv7-a;-mfpu=neon;-mfloat-abi=hard;-mcpu=cortex-a9;--sysroot=/opt/fsl-imx-fb/4.9.88-2.0.0/sysroots/cortexa9hf-neon-poky-linux-gnueabi
Build flags: ;-O2;-pipe;-g;-feliminate-unused-debug-types;
Id flags:  

The output was:
0


Compilation of the CXX compiler identification source "CMakeCXXCompilerId.cpp" produced "a.out"

The CXX compiler identification is GNU, found in "/home/yzh/CA/CA/CA/build/CMakeFiles/3.8.2/CompilerIdCXX/a.out"

Determining if the C compiler works passed with the following output:
Change Dir: /home/yzh/CA/CA/CA/build/CMakeFiles/CMakeTmp

Run Build Command:"/usr/bin/make" "cmTC_8b3d9/fast"
/usr/bin/make -f CMakeFiles/cmTC_8b3d9.dir/build.make CMakeFiles/cmTC_8b3d9.dir/build
make[1]: Entering directory '/home/yzh/CA/CA/CA/build/CMakeFiles/CMakeTmp'
Building C object CMakeFiles/cmTC_8b3d9.dir/testCCompiler.c.o
/opt/fsl-imx-fb/4.9.88-2.0.0/sysroots/x86_64-pokysdk-linux/usr/bin/arm-poky-linux-gnueabi/arm-poky-linux-gnueabi-gcc   -march=armv7-a -mfpu=neon -mfloat-abi=hard -mcpu=cortex-a9 --sysroot=/opt/fsl-imx-fb/4.9.88-2.0.0/sysroots/cortexa9hf-neon-poky-linux-gnueabi   -O2 -pipe -g -feliminate-unused-debug-types    -o CMakeFiles/cmTC_8b3d9.dir/testCCompiler.c.o   -c /home/yzh/CA/CA/CA/build/CMakeFiles/CMakeTmp/testCCompiler.c
Linking C executable cmTC_8b3d9
/opt/fsl-imx-fb/4.9.88-2.0.0/sysroots/x86_64-pokysdk-linux/usr/bin/cmake -E cmake_link_script CMakeFiles/cmTC_8b3d9.dir/link.txt --verbose=1
/opt/fsl-imx-fb/4.9.88-2.0.0/sysroots/x86_64-pokysdk-linux/usr/bin/arm-poky-linux-gnueabi/arm-poky-linux-gnueabi-gcc   -march=armv7-a -mfpu=neon -mfloat-abi=hard -mcpu=cortex-a9 --sysroot=/opt/fsl-imx-fb/4.9.88-2.0.0/sysroots/cortexa9hf-neon-poky-linux-gnueabi -O2 -pipe -g -feliminate-unused-debug-types   -Wl,-O1 -Wl,--hash-style=gnu -Wl,--as-needed  -rdynamic CMakeFiles/cmTC_8b3d9.dir/testCCompiler.c.o  -o cmTC_8b3d9 
make[1]: Leaving directory '/home/yzh/CA/CA/CA/build/CMakeFiles/CMakeTmp'


Detecting C compiler ABI info compiled with the following output:
Change Dir: /home/yzh/CA/CA/CA/build/CMakeFiles/CMakeTmp

Run Build Command:"/usr/bin/make" "cmTC_d38e7/fast"
/usr/bin/make -f CMakeFiles/cmTC_d38e7.dir/build.make CMakeFiles/cmTC_d38e7.dir/build
make[1]: Entering directory '/home/yzh/CA/CA/CA/build/CMakeFiles/CMakeTmp'
Building C object CMakeFiles/cmTC_d38e7.dir/CMakeCCompilerABI.c.o
/opt/fsl-imx-fb/4.9.88-2.0.0/sysroots/x86_64-pokysdk-linux/usr/bin/arm-poky-linux-gnueabi/arm-poky-linux-gnueabi-gcc   -march=armv7-a -mfpu=neon -mfloat-abi=hard -mcpu=cortex-a9 --sysroot=/opt/fsl-imx-fb/4.9.88-2.0.0/sysroots/cortexa9hf-neon-poky-linux-gnueabi   -O2 -pipe -g -feliminate-unused-debug-types    -o CMakeFiles/cmTC_d38e7.dir/CMakeCCompilerABI.c.o   -c /opt/fsl-imx-fb/4.9.88-2.0.0/sysroots/x86_64-pokysdk-linux/usr/share/cmake-3.8/Modules/CMakeCCompilerABI.c
Linking C executable cmTC_d38e7
/opt/fsl-imx-fb/4.9.88-2.0.0/sysroots/x86_64-pokysdk-linux/usr/bin/cmake -E cmake_link_script CMakeFiles/cmTC_d38e7.dir/link.txt --verbose=1
/opt/fsl-imx-fb/4.9.88-2.0.0/sysroots/x86_64-pokysdk-linux/usr/bin/arm-poky-linux-gnueabi/arm-poky-linux-gnueabi-gcc   -march=armv7-a -mfpu=neon -mfloat-abi=hard -mcpu=cortex-a9 --sysroot=/opt/fsl-imx-fb/4.9.88-2.0.0/sysroots/cortexa9hf-neon-poky-linux-gnueabi -O2 -pipe -g -feliminate-unused-debug-types   -Wl,-O1 -Wl,--hash-style=gnu -Wl,--as-needed -v -rdynamic CMakeFiles/cmTC_d38e7.dir/CMakeCCompilerABI.c.o  -o cmTC_d38e7 
Using built-in specs.
COLLECT_GCC=/opt/fsl-imx-fb/4.9.88-2.0.0/sysroots/x86_64-pokysdk-linux/usr/bin/arm-poky-linux-gnueabi/arm-poky-linux-gnueabi-gcc
COLLECT_LTO_WRAPPER=/opt/fsl-imx-fb/4.9.88-2.0.0/sysroots/x86_64-pokysdk-linux/usr/libexec/arm-poky-linux-gnueabi/gcc/arm-poky-linux-gnueabi/7.3.0/lto-wrapper
Target: arm-poky-linux-gnueabi
Configured with: ../../../../../../work-shared/gcc-7.3.0-r0/gcc-7.3.0/configure --build=x86_64-linux --host=x86_64-pokysdk-linux --target=arm-poky-linux-gnueabi --prefix=/opt/fsl-imx-fb/4.9.88-2.0.0/sysroots/x86_64-pokysdk-linux/usr --exec_prefix=/opt/fsl-imx-fb/4.9.88-2.0.0/sysroots/x86_64-pokysdk-linux/usr --bindir=/opt/fsl-imx-fb/4.9.88-2.0.0/sysroots/x86_64-pokysdk-linux/usr/bin/arm-poky-linux-gnueabi --sbindir=/opt/fsl-imx-fb/4.9.88-2.0.0/sysroots/x86_64-pokysdk-linux/usr/bin/arm-poky-linux-gnueabi --libexecdir=/opt/fsl-imx-fb/4.9.88-2.0.0/sysroots/x86_64-pokysdk-linux/usr/libexec/arm-poky-linux-gnueabi --datadir=/opt/fsl-imx-fb/4.9.88-2.0.0/sysroots/x86_64-pokysdk-linux/usr/share --sysconfdir=/opt/fsl-imx-fb/4.9.88-2.0.0/sysroots/x86_64-pokysdk-linux/etc --sharedstatedir=/opt/fsl-imx-fb/4.9.88-2.0.0/sysroots/x86_64-pokysdk-linux/com --localstatedir=/opt/fsl-imx-fb/4.9.88-2.0.0/sysroots/x86_64-pokysdk-linux/var --libdir=/opt/fsl-imx-fb/4.9.88-2.0.0/sysroots/x86_64-pokysdk-linux/usr/lib/arm-poky-linux-gnueabi --includedir=/opt/fsl-imx-fb/4.9.88-2.0.0/sysroots/x86_64-pokysdk-linux/usr/include --oldincludedir=/opt/fsl-imx-fb/4.9.88-2.0.0/sysroots/x86_64-pokysdk-linux/usr/include --infodir=/opt/fsl-imx-fb/4.9.88-2.0.0/sysroots/x86_64-pokysdk-linux/usr/share/info --mandir=/opt/fsl-imx-fb/4.9.88-2.0.0/sysroots/x86_64-pokysdk-linux/usr/share/man --disable-silent-rules --disable-dependency-tracking --with-libtool-sysroot=/home/mile/imx-yocto-bsp/build6q_fb/tmp/work/x86_64-nativesdk-pokysdk-linux/gcc-cross-canadian-arm/7.3.0-r0/recipe-sysroot --with-gnu-ld --enable-shared --enable-languages=c,c++ --enable-threads=posix --enable-multilib --enable-c99 --enable-long-long --enable-symvers=gnu --enable-libstdcxx-pch --program-prefix=arm-poky-linux-gnueabi- --without-local-prefix --enable-lto --enable-libssp --enable-libitm --disable-bootstrap --disable-libmudflap --with-system-zlib --with-linker-hash-style=gnu --enable-linker-build-id --with-ppl=no --with-cloog=no --enable-checking=release --enable-cheaders=c_global --without-isl --with-gxx-include-dir=/not/exist/usr/include/c++/7.3.0 --with-build-time-tools=/home/mile/imx-yocto-bsp/build6q_fb/tmp/work/x86_64-nativesdk-pokysdk-linux/gcc-cross-canadian-arm/7.3.0-r0/recipe-sysroot-native/usr/arm-poky-linux-gnueabi/bin --with-sysroot=/not/exist --with-build-sysroot=/home/mile/imx-yocto-bsp/build6q_fb/tmp/work/x86_64-nativesdk-pokysdk-linux/gcc-cross-canadian-arm/7.3.0-r0/recipe-sysroot --without-long-double-128 --enable-poison-system-directories --with-mpfr=/home/mile/imx-yocto-bsp/build6q_fb/tmp/work/x86_64-nativesdk-pokysdk-linux/gcc-cross-canadian-arm/7.3.0-r0/recipe-sysroot --with-mpc=/home/mile/imx-yocto-bsp/build6q_fb/tmp/work/x86_64-nativesdk-pokysdk-linux/gcc-cross-canadian-arm/7.3.0-r0/recipe-sysroot --enable-nls --enable-initfini-array
Thread model: posix
gcc version 7.3.0 (GCC) 
COMPILER_PATH=/opt/fsl-imx-fb/4.9.88-2.0.0/sysroots/x86_64-pokysdk-linux/usr/libexec/arm-poky-linux-gnueabi/gcc/arm-poky-linux-gnueabi/7.3.0/:/opt/fsl-imx-fb/4.9.88-2.0.0/sysroots/x86_64-pokysdk-linux/usr/libexec/arm-poky-linux-gnueabi/gcc/arm-poky-linux-gnueabi/7.3.0/:/opt/fsl-imx-fb/4.9.88-2.0.0/sysroots/x86_64-pokysdk-linux/usr/libexec/arm-poky-linux-gnueabi/gcc/arm-poky-linux-gnueabi/:/opt/fsl-imx-fb/4.9.88-2.0.0/sysroots/x86_64-pokysdk-linux/usr/lib/arm-poky-linux-gnueabi/gcc/arm-poky-linux-gnueabi/7.3.0/:/opt/fsl-imx-fb/4.9.88-2.0.0/sysroots/x86_64-pokysdk-linux/usr/lib/arm-poky-linux-gnueabi/gcc/arm-poky-linux-gnueabi/
LIBRARY_PATH=/opt/fsl-imx-fb/4.9.88-2.0.0/sysroots/x86_64-pokysdk-linux/usr/lib/arm-poky-linux-gnueabi/gcc/arm-poky-linux-gnueabi/7.3.0/:/opt/fsl-imx-fb/4.9.88-2.0.0/sysroots/cortexa9hf-neon-poky-linux-gnueabi/lib/:/opt/fsl-imx-fb/4.9.88-2.0.0/sysroots/cortexa9hf-neon-poky-linux-gnueabi/usr/lib/arm-poky-linux-gnueabi/7.3.0/:/opt/fsl-imx-fb/4.9.88-2.0.0/sysroots/cortexa9hf-neon-poky-linux-gnueabi/usr/lib/
COLLECT_GCC_OPTIONS='--sysroot=/opt/fsl-imx-fb/4.9.88-2.0.0/sysroots/cortexa9hf-neon-poky-linux-gnueabi' '-march=armv7-a' '-mfpu=neon' '-mfloat-abi=hard' '-mcpu=cortex-a9' '-O2' '-pipe' '-g' '-feliminate-unused-debug-types' '-v' '-rdynamic' '-o' 'cmTC_d38e7' '-mtls-dialect=gnu'
 /opt/fsl-imx-fb/4.9.88-2.0.0/sysroots/x86_64-pokysdk-linux/usr/libexec/arm-poky-linux-gnueabi/gcc/arm-poky-linux-gnueabi/7.3.0/collect2 -plugin /opt/fsl-imx-fb/4.9.88-2.0.0/sysroots/x86_64-pokysdk-linux/usr/libexec/arm-poky-linux-gnueabi/gcc/arm-poky-linux-gnueabi/7.3.0/liblto_plugin.so -plugin-opt=/opt/fsl-imx-fb/4.9.88-2.0.0/sysroots/x86_64-pokysdk-linux/usr/libexec/arm-poky-linux-gnueabi/gcc/arm-poky-linux-gnueabi/7.3.0/lto-wrapper -plugin-opt=-fresolution=/tmp/ccNRYRDQ.res -plugin-opt=-pass-through=-lgcc -plugin-opt=-pass-through=-lgcc_s -plugin-opt=-pass-through=-lc -plugin-opt=-pass-through=-lgcc -plugin-opt=-pass-through=-lgcc_s --sysroot=/opt/fsl-imx-fb/4.9.88-2.0.0/sysroots/cortexa9hf-neon-poky-linux-gnueabi --build-id --eh-frame-hdr --hash-style=gnu -export-dynamic -dynamic-linker /lib/ld-linux-armhf.so.3 -X -m armelf_linux_eabi -o cmTC_d38e7 /opt/fsl-imx-fb/4.9.88-2.0.0/sysroots/cortexa9hf-neon-poky-linux-gnueabi/usr/lib/crt1.o /opt/fsl-imx-fb/4.9.88-2.0.0/sysroots/cortexa9hf-neon-poky-linux-gnueabi/usr/lib/crti.o /opt/fsl-imx-fb/4.9.88-2.0.0/sysroots/cortexa9hf-neon-poky-linux-gnueabi/usr/lib/arm-poky-linux-gnueabi/7.3.0/crtbegin.o -L/opt/fsl-imx-fb/4.9.88-2.0.0/sysroots/x86_64-pokysdk-linux/usr/lib/arm-poky-linux-gnueabi/gcc/arm-poky-linux-gnueabi/7.3.0 -L/opt/fsl-imx-fb/4.9.88-2.0.0/sysroots/cortexa9hf-neon-poky-linux-gnueabi/lib -L/opt/fsl-imx-fb/4.9.88-2.0.0/sysroots/cortexa9hf-neon-poky-linux-gnueabi/usr/lib/arm-poky-linux-gnueabi/7.3.0 -L/opt/fsl-imx-fb/4.9.88-2.0.0/sysroots/cortexa9hf-neon-poky-linux-gnueabi/usr/lib -O1 --hash-style=gnu --as-needed CMakeFiles/cmTC_d38e7.dir/CMakeCCompilerABI.c.o -lgcc --as-needed -lgcc_s --no-as-needed -lc -lgcc --as-needed -lgcc_s --no-as-needed /opt/fsl-imx-fb/4.9.88-2.0.0/sysroots/cortexa9hf-neon-poky-linux-gnueabi/usr/lib/arm-poky-linux-gnueabi/7.3.0/crtend.o /opt/fsl-imx-fb/4.9.88-2.0.0/sysroots/cortexa9hf-neon-poky-linux-gnueabi/usr/lib/crtn.o
COLLECT_GCC_OPTIONS='--sysroot=/opt/fsl-imx-fb/4.9.88-2.0.0/sysroots/cortexa9hf-neon-poky-linux-gnueabi' '-march=armv7-a' '-mfpu=neon' '-mfloat-abi=hard' '-mcpu=cortex-a9' '-O2' '-pipe' '-g' '-feliminate-unused-debug-types' '-v' '-rdynamic' '-o' 'cmTC_d38e7' '-mtls-dialect=gnu'
make[1]: Leaving directory '/home/yzh/CA/CA/CA/build/CMakeFiles/CMakeTmp'


Parsed C implicit link information from above output:
  link line regex: [^( *|.*[/\])(ld|([^/\]+-)?ld|collect2)[^/\]*( |$)]
  ignore line: [Change Dir: /home/yzh/CA/CA/CA/build/CMakeFiles/CMakeTmp]
  ignore line: []
  ignore line: [Run Build Command:"/usr/bin/make" "cmTC_d38e7/fast"]
  ignore line: [/usr/bin/make -f CMakeFiles/cmTC_d38e7.dir/build.make CMakeFiles/cmTC_d38e7.dir/build]
  ignore line: [make[1]: Entering directory '/home/yzh/CA/CA/CA/build/CMakeFiles/CMakeTmp']
  ignore line: [Building C object CMakeFiles/cmTC_d38e7.dir/CMakeCCompilerABI.c.o]
  ignore line: [/opt/fsl-imx-fb/4.9.88-2.0.0/sysroots/x86_64-pokysdk-linux/usr/bin/arm-poky-linux-gnueabi/arm-poky-linux-gnueabi-gcc   -march=armv7-a -mfpu=neon -mfloat-abi=hard -mcpu=cortex-a9 --sysroot=/opt/fsl-imx-fb/4.9.88-2.0.0/sysroots/cortexa9hf-neon-poky-linux-gnueabi   -O2 -pipe -g -feliminate-unused-debug-types    -o CMakeFiles/cmTC_d38e7.dir/CMakeCCompilerABI.c.o   -c /opt/fsl-imx-fb/4.9.88-2.0.0/sysroots/x86_64-pokysdk-linux/usr/share/cmake-3.8/Modules/CMakeCCompilerABI.c]
  ignore line: [Linking C executable cmTC_d38e7]
  ignore line: [/opt/fsl-imx-fb/4.9.88-2.0.0/sysroots/x86_64-pokysdk-linux/usr/bin/cmake -E cmake_link_script CMakeFiles/cmTC_d38e7.dir/link.txt --verbose=1]
  ignore line: [/opt/fsl-imx-fb/4.9.88-2.0.0/sysroots/x86_64-pokysdk-linux/usr/bin/arm-poky-linux-gnueabi/arm-poky-linux-gnueabi-gcc   -march=armv7-a -mfpu=neon -mfloat-abi=hard -mcpu=cortex-a9 --sysroot=/opt/fsl-imx-fb/4.9.88-2.0.0/sysroots/cortexa9hf-neon-poky-linux-gnueabi -O2 -pipe -g -feliminate-unused-debug-types   -Wl,-O1 -Wl,--hash-style=gnu -Wl,--as-needed -v -rdynamic CMakeFiles/cmTC_d38e7.dir/CMakeCCompilerABI.c.o  -o cmTC_d38e7 ]
  ignore line: [Using built-in specs.]
  ignore line: [COLLECT_GCC=/opt/fsl-imx-fb/4.9.88-2.0.0/sysroots/x86_64-pokysdk-linux/usr/bin/arm-poky-linux-gnueabi/arm-poky-linux-gnueabi-gcc]
  ignore line: [COLLECT_LTO_WRAPPER=/opt/fsl-imx-fb/4.9.88-2.0.0/sysroots/x86_64-pokysdk-linux/usr/libexec/arm-poky-linux-gnueabi/gcc/arm-poky-linux-gnueabi/7.3.0/lto-wrapper]
  ignore line: [Target: arm-poky-linux-gnueabi]
  ignore line: [Configured with: ../../../../../../work-shared/gcc-7.3.0-r0/gcc-7.3.0/configure --build=x86_64-linux --host=x86_64-pokysdk-linux --target=arm-poky-linux-gnueabi --prefix=/opt/fsl-imx-fb/4.9.88-2.0.0/sysroots/x86_64-pokysdk-linux/usr --exec_prefix=/opt/fsl-imx-fb/4.9.88-2.0.0/sysroots/x86_64-pokysdk-linux/usr --bindir=/opt/fsl-imx-fb/4.9.88-2.0.0/sysroots/x86_64-pokysdk-linux/usr/bin/arm-poky-linux-gnueabi --sbindir=/opt/fsl-imx-fb/4.9.88-2.0.0/sysroots/x86_64-pokysdk-linux/usr/bin/arm-poky-linux-gnueabi --libexecdir=/opt/fsl-imx-fb/4.9.88-2.0.0/sysroots/x86_64-pokysdk-linux/usr/libexec/arm-poky-linux-gnueabi --datadir=/opt/fsl-imx-fb/4.9.88-2.0.0/sysroots/x86_64-pokysdk-linux/usr/share --sysconfdir=/opt/fsl-imx-fb/4.9.88-2.0.0/sysroots/x86_64-pokysdk-linux/etc --sharedstatedir=/opt/fsl-imx-fb/4.9.88-2.0.0/sysroots/x86_64-pokysdk-linux/com --localstatedir=/opt/fsl-imx-fb/4.9.88-2.0.0/sysroots/x86_64-pokysdk-linux/var --libdir=/opt/fsl-imx-fb/4.9.88-2.0.0/sysroots/x86_64-pokysdk-linux/usr/lib/arm-poky-linux-gnueabi --includedir=/opt/fsl-imx-fb/4.9.88-2.0.0/sysroots/x86_64-pokysdk-linux/usr/include --oldincludedir=/opt/fsl-imx-fb/4.9.88-2.0.0/sysroots/x86_64-pokysdk-linux/usr/include --infodir=/opt/fsl-imx-fb/4.9.88-2.0.0/sysroots/x86_64-pokysdk-linux/usr/share/info --mandir=/opt/fsl-imx-fb/4.9.88-2.0.0/sysroots/x86_64-pokysdk-linux/usr/share/man --disable-silent-rules --disable-dependency-tracking --with-libtool-sysroot=/home/mile/imx-yocto-bsp/build6q_fb/tmp/work/x86_64-nativesdk-pokysdk-linux/gcc-cross-canadian-arm/7.3.0-r0/recipe-sysroot --with-gnu-ld --enable-shared --enable-languages=c,c++ --enable-threads=posix --enable-multilib --enable-c99 --enable-long-long --enable-symvers=gnu --enable-libstdcxx-pch --program-prefix=arm-poky-linux-gnueabi- --without-local-prefix --enable-lto --enable-libssp --enable-libitm --disable-bootstrap --disable-libmudflap --with-system-zlib --with-linker-hash-style=gnu --enable-linker-build-id --with-ppl=no --with-cloog=no --enable-checking=release --enable-cheaders=c_global --without-isl --with-gxx-include-dir=/not/exist/usr/include/c++/7.3.0 --with-build-time-tools=/home/mile/imx-yocto-bsp/build6q_fb/tmp/work/x86_64-nativesdk-pokysdk-linux/gcc-cross-canadian-arm/7.3.0-r0/recipe-sysroot-native/usr/arm-poky-linux-gnueabi/bin --with-sysroot=/not/exist --with-build-sysroot=/home/mile/imx-yocto-bsp/build6q_fb/tmp/work/x86_64-nativesdk-pokysdk-linux/gcc-cross-canadian-arm/7.3.0-r0/recipe-sysroot --without-long-double-128 --enable-poison-system-directories --with-mpfr=/home/mile/imx-yocto-bsp/build6q_fb/tmp/work/x86_64-nativesdk-pokysdk-linux/gcc-cross-canadian-arm/7.3.0-r0/recipe-sysroot --with-mpc=/home/mile/imx-yocto-bsp/build6q_fb/tmp/work/x86_64-nativesdk-pokysdk-linux/gcc-cross-canadian-arm/7.3.0-r0/recipe-sysroot --enable-nls --enable-initfini-array]
  ignore line: [Thread model: posix]
  ignore line: [gcc version 7.3.0 (GCC) ]
  ignore line: [COMPILER_PATH=/opt/fsl-imx-fb/4.9.88-2.0.0/sysroots/x86_64-pokysdk-linux/usr/libexec/arm-poky-linux-gnueabi/gcc/arm-poky-linux-gnueabi/7.3.0/:/opt/fsl-imx-fb/4.9.88-2.0.0/sysroots/x86_64-pokysdk-linux/usr/libexec/arm-poky-linux-gnueabi/gcc/arm-poky-linux-gnueabi/7.3.0/:/opt/fsl-imx-fb/4.9.88-2.0.0/sysroots/x86_64-pokysdk-linux/usr/libexec/arm-poky-linux-gnueabi/gcc/arm-poky-linux-gnueabi/:/opt/fsl-imx-fb/4.9.88-2.0.0/sysroots/x86_64-pokysdk-linux/usr/lib/arm-poky-linux-gnueabi/gcc/arm-poky-linux-gnueabi/7.3.0/:/opt/fsl-imx-fb/4.9.88-2.0.0/sysroots/x86_64-pokysdk-linux/usr/lib/arm-poky-linux-gnueabi/gcc/arm-poky-linux-gnueabi/]
  ignore line: [LIBRARY_PATH=/opt/fsl-imx-fb/4.9.88-2.0.0/sysroots/x86_64-pokysdk-linux/usr/lib/arm-poky-linux-gnueabi/gcc/arm-poky-linux-gnueabi/7.3.0/:/opt/fsl-imx-fb/4.9.88-2.0.0/sysroots/cortexa9hf-neon-poky-linux-gnueabi/lib/:/opt/fsl-imx-fb/4.9.88-2.0.0/sysroots/cortexa9hf-neon-poky-linux-gnueabi/usr/lib/arm-poky-linux-gnueabi/7.3.0/:/opt/fsl-imx-fb/4.9.88-2.0.0/sysroots/cortexa9hf-neon-poky-linux-gnueabi/usr/lib/]
  ignore line: [COLLECT_GCC_OPTIONS='--sysroot=/opt/fsl-imx-fb/4.9.88-2.0.0/sysroots/cortexa9hf-neon-poky-linux-gnueabi' '-march=armv7-a' '-mfpu=neon' '-mfloat-abi=hard' '-mcpu=cortex-a9' '-O2' '-pipe' '-g' '-feliminate-unused-debug-types' '-v' '-rdynamic' '-o' 'cmTC_d38e7' '-mtls-dialect=gnu']
  link line: [ /opt/fsl-imx-fb/4.9.88-2.0.0/sysroots/x86_64-pokysdk-linux/usr/libexec/arm-poky-linux-gnueabi/gcc/arm-poky-linux-gnueabi/7.3.0/collect2 -plugin /opt/fsl-imx-fb/4.9.88-2.0.0/sysroots/x86_64-pokysdk-linux/usr/libexec/arm-poky-linux-gnueabi/gcc/arm-poky-linux-gnueabi/7.3.0/liblto_plugin.so -plugin-opt=/opt/fsl-imx-fb/4.9.88-2.0.0/sysroots/x86_64-pokysdk-linux/usr/libexec/arm-poky-linux-gnueabi/gcc/arm-poky-linux-gnueabi/7.3.0/lto-wrapper -plugin-opt=-fresolution=/tmp/ccNRYRDQ.res -plugin-opt=-pass-through=-lgcc -plugin-opt=-pass-through=-lgcc_s -plugin-opt=-pass-through=-lc -plugin-opt=-pass-through=-lgcc -plugin-opt=-pass-through=-lgcc_s --sysroot=/opt/fsl-imx-fb/4.9.88-2.0.0/sysroots/cortexa9hf-neon-poky-linux-gnueabi --build-id --eh-frame-hdr --hash-style=gnu -export-dynamic -dynamic-linker /lib/ld-linux-armhf.so.3 -X -m armelf_linux_eabi -o cmTC_d38e7 /opt/fsl-imx-fb/4.9.88-2.0.0/sysroots/cortexa9hf-neon-poky-linux-gnueabi/usr/lib/crt1.o /opt/fsl-imx-fb/4.9.88-2.0.0/sysroots/cortexa9hf-neon-poky-linux-gnueabi/usr/lib/crti.o /opt/fsl-imx-fb/4.9.88-2.0.0/sysroots/cortexa9hf-neon-poky-linux-gnueabi/usr/lib/arm-poky-linux-gnueabi/7.3.0/crtbegin.o -L/opt/fsl-imx-fb/4.9.88-2.0.0/sysroots/x86_64-pokysdk-linux/usr/lib/arm-poky-linux-gnueabi/gcc/arm-poky-linux-gnueabi/7.3.0 -L/opt/fsl-imx-fb/4.9.88-2.0.0/sysroots/cortexa9hf-neon-poky-linux-gnueabi/lib -L/opt/fsl-imx-fb/4.9.88-2.0.0/sysroots/cortexa9hf-neon-poky-linux-gnueabi/usr/lib/arm-poky-linux-gnueabi/7.3.0 -L/opt/fsl-imx-fb/4.9.88-2.0.0/sysroots/cortexa9hf-neon-poky-linux-gnueabi/usr/lib -O1 --hash-style=gnu --as-needed CMakeFiles/cmTC_d38e7.dir/CMakeCCompilerABI.c.o -lgcc --as-needed -lgcc_s --no-as-needed -lc -lgcc --as-needed -lgcc_s --no-as-needed /opt/fsl-imx-fb/4.9.88-2.0.0/sysroots/cortexa9hf-neon-poky-linux-gnueabi/usr/lib/arm-poky-linux-gnueabi/7.3.0/crtend.o /opt/fsl-imx-fb/4.9.88-2.0.0/sysroots/cortexa9hf-neon-poky-linux-gnueabi/usr/lib/crtn.o]
    arg [/opt/fsl-imx-fb/4.9.88-2.0.0/sysroots/x86_64-pokysdk-linux/usr/libexec/arm-poky-linux-gnueabi/gcc/arm-poky-linux-gnueabi/7.3.0/collect2] ==> ignore
    arg [-plugin] ==> ignore
    arg [/opt/fsl-imx-fb/4.9.88-2.0.0/sysroots/x86_64-pokysdk-linux/usr/libexec/arm-poky-linux-gnueabi/gcc/arm-poky-linux-gnueabi/7.3.0/liblto_plugin.so] ==> ignore
    arg [-plugin-opt=/opt/fsl-imx-fb/4.9.88-2.0.0/sysroots/x86_64-pokysdk-linux/usr/libexec/arm-poky-linux-gnueabi/gcc/arm-poky-linux-gnueabi/7.3.0/lto-wrapper] ==> ignore
    arg [-plugin-opt=-fresolution=/tmp/ccNRYRDQ.res] ==> ignore
    arg [-plugin-opt=-pass-through=-lgcc] ==> ignore
    arg [-plugin-opt=-pass-through=-lgcc_s] ==> ignore
    arg [-plugin-opt=-pass-through=-lc] ==> ignore
    arg [-plugin-opt=-pass-through=-lgcc] ==> ignore
    arg [-plugin-opt=-pass-through=-lgcc_s] ==> ignore
    arg [--sysroot=/opt/fsl-imx-fb/4.9.88-2.0.0/sysroots/cortexa9hf-neon-poky-linux-gnueabi] ==> ignore
    arg [--build-id] ==> ignore
    arg [--eh-frame-hdr] ==> ignore
    arg [--hash-style=gnu] ==> ignore
    arg [-export-dynamic] ==> ignore
    arg [-dynamic-linker] ==> ignore
    arg [/lib/ld-linux-armhf.so.3] ==> ignore
    arg [-X] ==> ignore
    arg [-m] ==> ignore
    arg [armelf_linux_eabi] ==> ignore
    arg [-o] ==> ignore
    arg [cmTC_d38e7] ==> ignore
    arg [/opt/fsl-imx-fb/4.9.88-2.0.0/sysroots/cortexa9hf-neon-poky-linux-gnueabi/usr/lib/crt1.o] ==> ignore
    arg [/opt/fsl-imx-fb/4.9.88-2.0.0/sysroots/cortexa9hf-neon-poky-linux-gnueabi/usr/lib/crti.o] ==> ignore
    arg [/opt/fsl-imx-fb/4.9.88-2.0.0/sysroots/cortexa9hf-neon-poky-linux-gnueabi/usr/lib/arm-poky-linux-gnueabi/7.3.0/crtbegin.o] ==> ignore
    arg [-L/opt/fsl-imx-fb/4.9.88-2.0.0/sysroots/x86_64-pokysdk-linux/usr/lib/arm-poky-linux-gnueabi/gcc/arm-poky-linux-gnueabi/7.3.0] ==> dir [/opt/fsl-imx-fb/4.9.88-2.0.0/sysroots/x86_64-pokysdk-linux/usr/lib/arm-poky-linux-gnueabi/gcc/arm-poky-linux-gnueabi/7.3.0]
    arg [-L/opt/fsl-imx-fb/4.9.88-2.0.0/sysroots/cortexa9hf-neon-poky-linux-gnueabi/lib] ==> dir [/opt/fsl-imx-fb/4.9.88-2.0.0/sysroots/cortexa9hf-neon-poky-linux-gnueabi/lib]
    arg [-L/opt/fsl-imx-fb/4.9.88-2.0.0/sysroots/cortexa9hf-neon-poky-linux-gnueabi/usr/lib/arm-poky-linux-gnueabi/7.3.0] ==> dir [/opt/fsl-imx-fb/4.9.88-2.0.0/sysroots/cortexa9hf-neon-poky-linux-gnueabi/usr/lib/arm-poky-linux-gnueabi/7.3.0]
    arg [-L/opt/fsl-imx-fb/4.9.88-2.0.0/sysroots/cortexa9hf-neon-poky-linux-gnueabi/usr/lib] ==> dir [/opt/fsl-imx-fb/4.9.88-2.0.0/sysroots/cortexa9hf-neon-poky-linux-gnueabi/usr/lib]
    arg [-O1] ==> ignore
    arg [--hash-style=gnu] ==> ignore
    arg [--as-needed] ==> ignore
    arg [CMakeFiles/cmTC_d38e7.dir/CMakeCCompilerABI.c.o] ==> ignore
    arg [-lgcc] ==> lib [gcc]
    arg [--as-needed] ==> ignore
    arg [-lgcc_s] ==> lib [gcc_s]
    arg [--no-as-needed] ==> ignore
    arg [-lc] ==> lib [c]
    arg [-lgcc] ==> lib [gcc]
    arg [--as-needed] ==> ignore
    arg [-lgcc_s] ==> lib [gcc_s]
    arg [--no-as-needed] ==> ignore
    arg [/opt/fsl-imx-fb/4.9.88-2.0.0/sysroots/cortexa9hf-neon-poky-linux-gnueabi/usr/lib/arm-poky-linux-gnueabi/7.3.0/crtend.o] ==> ignore
    arg [/opt/fsl-imx-fb/4.9.88-2.0.0/sysroots/cortexa9hf-neon-poky-linux-gnueabi/usr/lib/crtn.o] ==> ignore
  remove lib [gcc]
  remove lib [gcc_s]
  remove lib [gcc]
  remove lib [gcc_s]
  collapse library dir [/opt/fsl-imx-fb/4.9.88-2.0.0/sysroots/x86_64-pokysdk-linux/usr/lib/arm-poky-linux-gnueabi/gcc/arm-poky-linux-gnueabi/7.3.0] ==> [/opt/fsl-imx-fb/4.9.88-2.0.0/sysroots/x86_64-pokysdk-linux/usr/lib/arm-poky-linux-gnueabi/gcc/arm-poky-linux-gnueabi/7.3.0]
  collapse library dir [/opt/fsl-imx-fb/4.9.88-2.0.0/sysroots/cortexa9hf-neon-poky-linux-gnueabi/lib] ==> [/opt/fsl-imx-fb/4.9.88-2.0.0/sysroots/cortexa9hf-neon-poky-linux-gnueabi/lib]
  collapse library dir [/opt/fsl-imx-fb/4.9.88-2.0.0/sysroots/cortexa9hf-neon-poky-linux-gnueabi/usr/lib/arm-poky-linux-gnueabi/7.3.0] ==> [/opt/fsl-imx-fb/4.9.88-2.0.0/sysroots/cortexa9hf-neon-poky-linux-gnueabi/usr/lib/arm-poky-linux-gnueabi/7.3.0]
  collapse library dir [/opt/fsl-imx-fb/4.9.88-2.0.0/sysroots/cortexa9hf-neon-poky-linux-gnueabi/usr/lib] ==> [/opt/fsl-imx-fb/4.9.88-2.0.0/sysroots/cortexa9hf-neon-poky-linux-gnueabi/usr/lib]
  implicit libs: [c]
  implicit dirs: [/opt/fsl-imx-fb/4.9.88-2.0.0/sysroots/x86_64-pokysdk-linux/usr/lib/arm-poky-linux-gnueabi/gcc/arm-poky-linux-gnueabi/7.3.0;/opt/fsl-imx-fb/4.9.88-2.0.0/sysroots/cortexa9hf-neon-poky-linux-gnueabi/lib;/opt/fsl-imx-fb/4.9.88-2.0.0/sysroots/cortexa9hf-neon-poky-linux-gnueabi/usr/lib/arm-poky-linux-gnueabi/7.3.0;/opt/fsl-imx-fb/4.9.88-2.0.0/sysroots/cortexa9hf-neon-poky-linux-gnueabi/usr/lib]
  implicit fwks: []




Detecting C [-std=c11] compiler features compiled with the following output:
Change Dir: /home/yzh/CA/CA/CA/build/CMakeFiles/CMakeTmp

Run Build Command:"/usr/bin/make" "cmTC_45c07/fast"
/usr/bin/make -f CMakeFiles/cmTC_45c07.dir/build.make CMakeFiles/cmTC_45c07.dir/build
make[1]: Entering directory '/home/yzh/CA/CA/CA/build/CMakeFiles/CMakeTmp'
Building C object CMakeFiles/cmTC_45c07.dir/feature_tests.c.o
/opt/fsl-imx-fb/4.9.88-2.0.0/sysroots/x86_64-pokysdk-linux/usr/bin/arm-poky-linux-gnueabi/arm-poky-linux-gnueabi-gcc   -march=armv7-a -mfpu=neon -mfloat-abi=hard -mcpu=cortex-a9 --sysroot=/opt/fsl-imx-fb/4.9.88-2.0.0/sysroots/cortexa9hf-neon-poky-linux-gnueabi   -O2 -pipe -g -feliminate-unused-debug-types    -std=c11 -o CMakeFiles/cmTC_45c07.dir/feature_tests.c.o   -c /home/yzh/CA/CA/CA/build/CMakeFiles/feature_tests.c
Linking C executable cmTC_45c07
/opt/fsl-imx-fb/4.9.88-2.0.0/sysroots/x86_64-pokysdk-linux/usr/bin/cmake -E cmake_link_script CMakeFiles/cmTC_45c07.dir/link.txt --verbose=1
/opt/fsl-imx-fb/4.9.88-2.0.0/sysroots/x86_64-pokysdk-linux/usr/bin/arm-poky-linux-gnueabi/arm-poky-linux-gnueabi-gcc   -march=armv7-a -mfpu=neon -mfloat-abi=hard -mcpu=cortex-a9 --sysroot=/opt/fsl-imx-fb/4.9.88-2.0.0/sysroots/cortexa9hf-neon-poky-linux-gnueabi -O2 -pipe -g -feliminate-unused-debug-types   -Wl,-O1 -Wl,--hash-style=gnu -Wl,--as-needed  -rdynamic CMakeFiles/cmTC_45c07.dir/feature_tests.c.o  -o cmTC_45c07 
make[1]: Leaving directory '/home/yzh/CA/CA/CA/build/CMakeFiles/CMakeTmp'


    Feature record: C_FEATURE:1c_function_prototypes
    Feature record: C_FEATURE:1c_restrict
    Feature record: C_FEATURE:1c_static_assert
    Feature record: C_FEATURE:1c_variadic_macros


Detecting C [-std=c99] compiler features compiled with the following output:
Change Dir: /home/yzh/CA/CA/CA/build/CMakeFiles/CMakeTmp

Run Build Command:"/usr/bin/make" "cmTC_96acd/fast"
/usr/bin/make -f CMakeFiles/cmTC_96acd.dir/build.make CMakeFiles/cmTC_96acd.dir/build
make[1]: Entering directory '/home/yzh/CA/CA/CA/build/CMakeFiles/CMakeTmp'
Building C object CMakeFiles/cmTC_96acd.dir/feature_tests.c.o
/opt/fsl-imx-fb/4.9.88-2.0.0/sysroots/x86_64-pokysdk-linux/usr/bin/arm-poky-linux-gnueabi/arm-poky-linux-gnueabi-gcc   -march=armv7-a -mfpu=neon -mfloat-abi=hard -mcpu=cortex-a9 --sysroot=/opt/fsl-imx-fb/4.9.88-2.0.0/sysroots/cortexa9hf-neon-poky-linux-gnueabi   -O2 -pipe -g -feliminate-unused-debug-types    -std=c99 -o CMakeFiles/cmTC_96acd.dir/feature_tests.c.o   -c /home/yzh/CA/CA/CA/build/CMakeFiles/feature_tests.c
Linking C executable cmTC_96acd
/opt/fsl-imx-fb/4.9.88-2.0.0/sysroots/x86_64-pokysdk-linux/usr/bin/cmake -E cmake_link_script CMakeFiles/cmTC_96acd.dir/link.txt --verbose=1
/opt/fsl-imx-fb/4.9.88-2.0.0/sysroots/x86_64-pokysdk-linux/usr/bin/arm-poky-linux-gnueabi/arm-poky-linux-gnueabi-gcc   -march=armv7-a -mfpu=neon -mfloat-abi=hard -mcpu=cortex-a9 --sysroot=/opt/fsl-imx-fb/4.9.88-2.0.0/sysroots/cortexa9hf-neon-poky-linux-gnueabi -O2 -pipe -g -feliminate-unused-debug-types   -Wl,-O1 -Wl,--hash-style=gnu -Wl,--as-needed  -rdynamic CMakeFiles/cmTC_96acd.dir/feature_tests.c.o  -o cmTC_96acd 
make[1]: Leaving directory '/home/yzh/CA/CA/CA/build/CMakeFiles/CMakeTmp'


    Feature record: C_FEATURE:1c_function_prototypes
    Feature record: C_FEATURE:1c_restrict
    Feature record: C_FEATURE:0c_static_assert
    Feature record: C_FEATURE:1c_variadic_macros


Detecting C [-std=c90] compiler features compiled with the following output:
Change Dir: /home/yzh/CA/CA/CA/build/CMakeFiles/CMakeTmp

Run Build Command:"/usr/bin/make" "cmTC_76e32/fast"
/usr/bin/make -f CMakeFiles/cmTC_76e32.dir/build.make CMakeFiles/cmTC_76e32.dir/build
make[1]: Entering directory '/home/yzh/CA/CA/CA/build/CMakeFiles/CMakeTmp'
Building C object CMakeFiles/cmTC_76e32.dir/feature_tests.c.o
/opt/fsl-imx-fb/4.9.88-2.0.0/sysroots/x86_64-pokysdk-linux/usr/bin/arm-poky-linux-gnueabi/arm-poky-linux-gnueabi-gcc   -march=armv7-a -mfpu=neon -mfloat-abi=hard -mcpu=cortex-a9 --sysroot=/opt/fsl-imx-fb/4.9.88-2.0.0/sysroots/cortexa9hf-neon-poky-linux-gnueabi   -O2 -pipe -g -feliminate-unused-debug-types    -std=c90 -o CMakeFiles/cmTC_76e32.dir/feature_tests.c.o   -c /home/yzh/CA/CA/CA/build/CMakeFiles/feature_tests.c
Linking C executable cmTC_76e32
/opt/fsl-imx-fb/4.9.88-2.0.0/sysroots/x86_64-pokysdk-linux/usr/bin/cmake -E cmake_link_script CMakeFiles/cmTC_76e32.dir/link.txt --verbose=1
/opt/fsl-imx-fb/4.9.88-2.0.0/sysroots/x86_64-pokysdk-linux/usr/bin/arm-poky-linux-gnueabi/arm-poky-linux-gnueabi-gcc   -march=armv7-a -mfpu=neon -mfloat-abi=hard -mcpu=cortex-a9 --sysroot=/opt/fsl-imx-fb/4.9.88-2.0.0/sysroots/cortexa9hf-neon-poky-linux-gnueabi -O2 -pipe -g -feliminate-unused-debug-types   -Wl,-O1 -Wl,--hash-style=gnu -Wl,--as-needed  -rdynamic CMakeFiles/cmTC_76e32.dir/feature_tests.c.o  -o cmTC_76e32 
make[1]: Leaving directory '/home/yzh/CA/CA/CA/build/CMakeFiles/CMakeTmp'


    Feature record: C_FEATURE:1c_function_prototypes
    Feature record: C_FEATURE:0c_restrict
    Feature record: C_FEATURE:0c_static_assert
    Feature record: C_FEATURE:0c_variadic_macros
Determining if the CXX compiler works passed with the following output:
Change Dir: /home/yzh/CA/CA/CA/build/CMakeFiles/CMakeTmp

Run Build Command:"/usr/bin/make" "cmTC_3a8ce/fast"
/usr/bin/make -f CMakeFiles/cmTC_3a8ce.dir/build.make CMakeFiles/cmTC_3a8ce.dir/build
make[1]: Entering directory '/home/yzh/CA/CA/CA/build/CMakeFiles/CMakeTmp'
Building CXX object CMakeFiles/cmTC_3a8ce.dir/testCXXCompiler.cxx.o
/opt/fsl-imx-fb/4.9.88-2.0.0/sysroots/x86_64-pokysdk-linux/usr/bin/arm-poky-linux-gnueabi/arm-poky-linux-gnueabi-g++   -march=armv7-a -mfpu=neon -mfloat-abi=hard -mcpu=cortex-a9 --sysroot=/opt/fsl-imx-fb/4.9.88-2.0.0/sysroots/cortexa9hf-neon-poky-linux-gnueabi    -O2 -pipe -g -feliminate-unused-debug-types    -o CMakeFiles/cmTC_3a8ce.dir/testCXXCompiler.cxx.o -c /home/yzh/CA/CA/CA/build/CMakeFiles/CMakeTmp/testCXXCompiler.cxx
Linking CXX executable cmTC_3a8ce
/opt/fsl-imx-fb/4.9.88-2.0.0/sysroots/x86_64-pokysdk-linux/usr/bin/cmake -E cmake_link_script CMakeFiles/cmTC_3a8ce.dir/link.txt --verbose=1
/opt/fsl-imx-fb/4.9.88-2.0.0/sysroots/x86_64-pokysdk-linux/usr/bin/arm-poky-linux-gnueabi/arm-poky-linux-gnueabi-g++   -march=armv7-a -mfpu=neon -mfloat-abi=hard -mcpu=cortex-a9 --sysroot=/opt/fsl-imx-fb/4.9.88-2.0.0/sysroots/cortexa9hf-neon-poky-linux-gnueabi  -O2 -pipe -g -feliminate-unused-debug-types   -Wl,-O1 -Wl,--hash-style=gnu -Wl,--as-needed  -rdynamic CMakeFiles/cmTC_3a8ce.dir/testCXXCompiler.cxx.o  -o cmTC_3a8ce 
make[1]: Leaving directory '/home/yzh/CA/CA/CA/build/CMakeFiles/CMakeTmp'


Detecting CXX compiler ABI info compiled with the following output:
Change Dir: /home/yzh/CA/CA/CA/build/CMakeFiles/CMakeTmp

Run Build Command:"/usr/bin/make" "cmTC_0b668/fast"
/usr/bin/make -f CMakeFiles/cmTC_0b668.dir/build.make CMakeFiles/cmTC_0b668.dir/build
make[1]: Entering directory '/home/yzh/CA/CA/CA/build/CMakeFiles/CMakeTmp'
Building CXX object CMakeFiles/cmTC_0b668.dir/CMakeCXXCompilerABI.cpp.o
/opt/fsl-imx-fb/4.9.88-2.0.0/sysroots/x86_64-pokysdk-linux/usr/bin/arm-poky-linux-gnueabi/arm-poky-linux-gnueabi-g++   -march=armv7-a -mfpu=neon -mfloat-abi=hard -mcpu=cortex-a9 --sysroot=/opt/fsl-imx-fb/4.9.88-2.0.0/sysroots/cortexa9hf-neon-poky-linux-gnueabi    -O2 -pipe -g -feliminate-unused-debug-types    -o CMakeFiles/cmTC_0b668.dir/CMakeCXXCompilerABI.cpp.o -c /opt/fsl-imx-fb/4.9.88-2.0.0/sysroots/x86_64-pokysdk-linux/usr/share/cmake-3.8/Modules/CMakeCXXCompilerABI.cpp
Linking CXX executable cmTC_0b668
/opt/fsl-imx-fb/4.9.88-2.0.0/sysroots/x86_64-pokysdk-linux/usr/bin/cmake -E cmake_link_script CMakeFiles/cmTC_0b668.dir/link.txt --verbose=1
/opt/fsl-imx-fb/4.9.88-2.0.0/sysroots/x86_64-pokysdk-linux/usr/bin/arm-poky-linux-gnueabi/arm-poky-linux-gnueabi-g++   -march=armv7-a -mfpu=neon -mfloat-abi=hard -mcpu=cortex-a9 --sysroot=/opt/fsl-imx-fb/4.9.88-2.0.0/sysroots/cortexa9hf-neon-poky-linux-gnueabi  -O2 -pipe -g -feliminate-unused-debug-types   -Wl,-O1 -Wl,--hash-style=gnu -Wl,--as-needed -v -rdynamic CMakeFiles/cmTC_0b668.dir/CMakeCXXCompilerABI.cpp.o  -o cmTC_0b668 
Using built-in specs.
COLLECT_GCC=/opt/fsl-imx-fb/4.9.88-2.0.0/sysroots/x86_64-pokysdk-linux/usr/bin/arm-poky-linux-gnueabi/arm-poky-linux-gnueabi-g++
COLLECT_LTO_WRAPPER=/opt/fsl-imx-fb/4.9.88-2.0.0/sysroots/x86_64-pokysdk-linux/usr/libexec/arm-poky-linux-gnueabi/gcc/arm-poky-linux-gnueabi/7.3.0/lto-wrapper
Target: arm-poky-linux-gnueabi
Configured with: ../../../../../../work-shared/gcc-7.3.0-r0/gcc-7.3.0/configure --build=x86_64-linux --host=x86_64-pokysdk-linux --target=arm-poky-linux-gnueabi --prefix=/opt/fsl-imx-fb/4.9.88-2.0.0/sysroots/x86_64-pokysdk-linux/usr --exec_prefix=/opt/fsl-imx-fb/4.9.88-2.0.0/sysroots/x86_64-pokysdk-linux/usr --bindir=/opt/fsl-imx-fb/4.9.88-2.0.0/sysroots/x86_64-pokysdk-linux/usr/bin/arm-poky-linux-gnueabi --sbindir=/opt/fsl-imx-fb/4.9.88-2.0.0/sysroots/x86_64-pokysdk-linux/usr/bin/arm-poky-linux-gnueabi --libexecdir=/opt/fsl-imx-fb/4.9.88-2.0.0/sysroots/x86_64-pokysdk-linux/usr/libexec/arm-poky-linux-gnueabi --datadir=/opt/fsl-imx-fb/4.9.88-2.0.0/sysroots/x86_64-pokysdk-linux/usr/share --sysconfdir=/opt/fsl-imx-fb/4.9.88-2.0.0/sysroots/x86_64-pokysdk-linux/etc --sharedstatedir=/opt/fsl-imx-fb/4.9.88-2.0.0/sysroots/x86_64-pokysdk-linux/com --localstatedir=/opt/fsl-imx-fb/4.9.88-2.0.0/sysroots/x86_64-pokysdk-linux/var --libdir=/opt/fsl-imx-fb/4.9.88-2.0.0/sysroots/x86_64-pokysdk-linux/usr/lib/arm-poky-linux-gnueabi --includedir=/opt/fsl-imx-fb/4.9.88-2.0.0/sysroots/x86_64-pokysdk-linux/usr/include --oldincludedir=/opt/fsl-imx-fb/4.9.88-2.0.0/sysroots/x86_64-pokysdk-linux/usr/include --infodir=/opt/fsl-imx-fb/4.9.88-2.0.0/sysroots/x86_64-pokysdk-linux/usr/share/info --mandir=/opt/fsl-imx-fb/4.9.88-2.0.0/sysroots/x86_64-pokysdk-linux/usr/share/man --disable-silent-rules --disable-dependency-tracking --with-libtool-sysroot=/home/mile/imx-yocto-bsp/build6q_fb/tmp/work/x86_64-nativesdk-pokysdk-linux/gcc-cross-canadian-arm/7.3.0-r0/recipe-sysroot --with-gnu-ld --enable-shared --enable-languages=c,c++ --enable-threads=posix --enable-multilib --enable-c99 --enable-long-long --enable-symvers=gnu --enable-libstdcxx-pch --program-prefix=arm-poky-linux-gnueabi- --without-local-prefix --enable-lto --enable-libssp --enable-libitm --disable-bootstrap --disable-libmudflap --with-system-zlib --with-linker-hash-style=gnu --enable-linker-build-id --with-ppl=no --with-cloog=no --enable-checking=release --enable-cheaders=c_global --without-isl --with-gxx-include-dir=/not/exist/usr/include/c++/7.3.0 --with-build-time-tools=/home/mile/imx-yocto-bsp/build6q_fb/tmp/work/x86_64-nativesdk-pokysdk-linux/gcc-cross-canadian-arm/7.3.0-r0/recipe-sysroot-native/usr/arm-poky-linux-gnueabi/bin --with-sysroot=/not/exist --with-build-sysroot=/home/mile/imx-yocto-bsp/build6q_fb/tmp/work/x86_64-nativesdk-pokysdk-linux/gcc-cross-canadian-arm/7.3.0-r0/recipe-sysroot --without-long-double-128 --enable-poison-system-directories --with-mpfr=/home/mile/imx-yocto-bsp/build6q_fb/tmp/work/x86_64-nativesdk-pokysdk-linux/gcc-cross-canadian-arm/7.3.0-r0/recipe-sysroot --with-mpc=/home/mile/imx-yocto-bsp/build6q_fb/tmp/work/x86_64-nativesdk-pokysdk-linux/gcc-cross-canadian-arm/7.3.0-r0/recipe-sysroot --enable-nls --enable-initfini-array
Thread model: posix
gcc version 7.3.0 (GCC) 
COMPILER_PATH=/opt/fsl-imx-fb/4.9.88-2.0.0/sysroots/x86_64-pokysdk-linux/usr/libexec/arm-poky-linux-gnueabi/gcc/arm-poky-linux-gnueabi/7.3.0/:/opt/fsl-imx-fb/4.9.88-2.0.0/sysroots/x86_64-pokysdk-linux/usr/libexec/arm-poky-linux-gnueabi/gcc/arm-poky-linux-gnueabi/7.3.0/:/opt/fsl-imx-fb/4.9.88-2.0.0/sysroots/x86_64-pokysdk-linux/usr/libexec/arm-poky-linux-gnueabi/gcc/arm-poky-linux-gnueabi/:/opt/fsl-imx-fb/4.9.88-2.0.0/sysroots/x86_64-pokysdk-linux/usr/lib/arm-poky-linux-gnueabi/gcc/arm-poky-linux-gnueabi/7.3.0/:/opt/fsl-imx-fb/4.9.88-2.0.0/sysroots/x86_64-pokysdk-linux/usr/lib/arm-poky-linux-gnueabi/gcc/arm-poky-linux-gnueabi/
LIBRARY_PATH=/opt/fsl-imx-fb/4.9.88-2.0.0/sysroots/x86_64-pokysdk-linux/usr/lib/arm-poky-linux-gnueabi/gcc/arm-poky-linux-gnueabi/7.3.0/:/opt/fsl-imx-fb/4.9.88-2.0.0/sysroots/cortexa9hf-neon-poky-linux-gnueabi/lib/:/opt/fsl-imx-fb/4.9.88-2.0.0/sysroots/cortexa9hf-neon-poky-linux-gnueabi/usr/lib/arm-poky-linux-gnueabi/7.3.0/:/opt/fsl-imx-fb/4.9.88-2.0.0/sysroots/cortexa9hf-neon-poky-linux-gnueabi/usr/lib/
COLLECT_GCC_OPTIONS='--sysroot=/opt/fsl-imx-fb/4.9.88-2.0.0/sysroots/cortexa9hf-neon-poky-linux-gnueabi' '-march=armv7-a' '-mfpu=neon' '-mfloat-abi=hard' '-mcpu=cortex-a9' '-O2' '-pipe' '-g' '-feliminate-unused-debug-types' '-v' '-rdynamic' '-o' 'cmTC_0b668' '-shared-libgcc' '-mtls-dialect=gnu'
 /opt/fsl-imx-fb/4.9.88-2.0.0/sysroots/x86_64-pokysdk-linux/usr/libexec/arm-poky-linux-gnueabi/gcc/arm-poky-linux-gnueabi/7.3.0/collect2 -plugin /opt/fsl-imx-fb/4.9.88-2.0.0/sysroots/x86_64-pokysdk-linux/usr/libexec/arm-poky-linux-gnueabi/gcc/arm-poky-linux-gnueabi/7.3.0/liblto_plugin.so -plugin-opt=/opt/fsl-imx-fb/4.9.88-2.0.0/sysroots/x86_64-pokysdk-linux/usr/libexec/arm-poky-linux-gnueabi/gcc/arm-poky-linux-gnueabi/7.3.0/lto-wrapper -plugin-opt=-fresolution=/tmp/ccU8eZ5p.res -plugin-opt=-pass-through=-lgcc_s -plugin-opt=-pass-through=-lgcc -plugin-opt=-pass-through=-lc -plugin-opt=-pass-through=-lgcc_s -plugin-opt=-pass-through=-lgcc --sysroot=/opt/fsl-imx-fb/4.9.88-2.0.0/sysroots/cortexa9hf-neon-poky-linux-gnueabi --build-id --eh-frame-hdr --hash-style=gnu -export-dynamic -dynamic-linker /lib/ld-linux-armhf.so.3 -X -m armelf_linux_eabi -o cmTC_0b668 /opt/fsl-imx-fb/4.9.88-2.0.0/sysroots/cortexa9hf-neon-poky-linux-gnueabi/usr/lib/crt1.o /opt/fsl-imx-fb/4.9.88-2.0.0/sysroots/cortexa9hf-neon-poky-linux-gnueabi/usr/lib/crti.o /opt/fsl-imx-fb/4.9.88-2.0.0/sysroots/cortexa9hf-neon-poky-linux-gnueabi/usr/lib/arm-poky-linux-gnueabi/7.3.0/crtbegin.o -L/opt/fsl-imx-fb/4.9.88-2.0.0/sysroots/x86_64-pokysdk-linux/usr/lib/arm-poky-linux-gnueabi/gcc/arm-poky-linux-gnueabi/7.3.0 -L/opt/fsl-imx-fb/4.9.88-2.0.0/sysroots/cortexa9hf-neon-poky-linux-gnueabi/lib -L/opt/fsl-imx-fb/4.9.88-2.0.0/sysroots/cortexa9hf-neon-poky-linux-gnueabi/usr/lib/arm-poky-linux-gnueabi/7.3.0 -L/opt/fsl-imx-fb/4.9.88-2.0.0/sysroots/cortexa9hf-neon-poky-linux-gnueabi/usr/lib -O1 --hash-style=gnu --as-needed CMakeFiles/cmTC_0b668.dir/CMakeCXXCompilerABI.cpp.o -lstdc++ -lm -lgcc_s -lgcc -lc -lgcc_s -lgcc /opt/fsl-imx-fb/4.9.88-2.0.0/sysroots/cortexa9hf-neon-poky-linux-gnueabi/usr/lib/arm-poky-linux-gnueabi/7.3.0/crtend.o /opt/fsl-imx-fb/4.9.88-2.0.0/sysroots/cortexa9hf-neon-poky-linux-gnueabi/usr/lib/crtn.o
COLLECT_GCC_OPTIONS='--sysroot=/opt/fsl-imx-fb/4.9.88-2.0.0/sysroots/cortexa9hf-neon-poky-linux-gnueabi' '-march=armv7-a' '-mfpu=neon' '-mfloat-abi=hard' '-mcpu=cortex-a9' '-O2' '-pipe' '-g' '-feliminate-unused-debug-types' '-v' '-rdynamic' '-o' 'cmTC_0b668' '-shared-libgcc' '-mtls-dialect=gnu'
make[1]: Leaving directory '/home/yzh/CA/CA/CA/build/CMakeFiles/CMakeTmp'


Parsed CXX implicit link information from above output:
  link line regex: [^( *|.*[/\])(ld|([^/\]+-)?ld|collect2)[^/\]*( |$)]
  ignore line: [Change Dir: /home/yzh/CA/CA/CA/build/CMakeFiles/CMakeTmp]
  ignore line: []
  ignore line: [Run Build Command:"/usr/bin/make" "cmTC_0b668/fast"]
  ignore line: [/usr/bin/make -f CMakeFiles/cmTC_0b668.dir/build.make CMakeFiles/cmTC_0b668.dir/build]
  ignore line: [make[1]: Entering directory '/home/yzh/CA/CA/CA/build/CMakeFiles/CMakeTmp']
  ignore line: [Building CXX object CMakeFiles/cmTC_0b668.dir/CMakeCXXCompilerABI.cpp.o]
  ignore line: [/opt/fsl-imx-fb/4.9.88-2.0.0/sysroots/x86_64-pokysdk-linux/usr/bin/arm-poky-linux-gnueabi/arm-poky-linux-gnueabi-g++   -march=armv7-a -mfpu=neon -mfloat-abi=hard -mcpu=cortex-a9 --sysroot=/opt/fsl-imx-fb/4.9.88-2.0.0/sysroots/cortexa9hf-neon-poky-linux-gnueabi    -O2 -pipe -g -feliminate-unused-debug-types    -o CMakeFiles/cmTC_0b668.dir/CMakeCXXCompilerABI.cpp.o -c /opt/fsl-imx-fb/4.9.88-2.0.0/sysroots/x86_64-pokysdk-linux/usr/share/cmake-3.8/Modules/CMakeCXXCompilerABI.cpp]
  ignore line: [Linking CXX executable cmTC_0b668]
  ignore line: [/opt/fsl-imx-fb/4.9.88-2.0.0/sysroots/x86_64-pokysdk-linux/usr/bin/cmake -E cmake_link_script CMakeFiles/cmTC_0b668.dir/link.txt --verbose=1]
  ignore line: [/opt/fsl-imx-fb/4.9.88-2.0.0/sysroots/x86_64-pokysdk-linux/usr/bin/arm-poky-linux-gnueabi/arm-poky-linux-gnueabi-g++   -march=armv7-a -mfpu=neon -mfloat-abi=hard -mcpu=cortex-a9 --sysroot=/opt/fsl-imx-fb/4.9.88-2.0.0/sysroots/cortexa9hf-neon-poky-linux-gnueabi  -O2 -pipe -g -feliminate-unused-debug-types   -Wl,-O1 -Wl,--hash-style=gnu -Wl,--as-needed -v -rdynamic CMakeFiles/cmTC_0b668.dir/CMakeCXXCompilerABI.cpp.o  -o cmTC_0b668 ]
  ignore line: [Using built-in specs.]
  ignore line: [COLLECT_GCC=/opt/fsl-imx-fb/4.9.88-2.0.0/sysroots/x86_64-pokysdk-linux/usr/bin/arm-poky-linux-gnueabi/arm-poky-linux-gnueabi-g++]
  ignore line: [COLLECT_LTO_WRAPPER=/opt/fsl-imx-fb/4.9.88-2.0.0/sysroots/x86_64-pokysdk-linux/usr/libexec/arm-poky-linux-gnueabi/gcc/arm-poky-linux-gnueabi/7.3.0/lto-wrapper]
  ignore line: [Target: arm-poky-linux-gnueabi]
  ignore line: [Configured with: ../../../../../../work-shared/gcc-7.3.0-r0/gcc-7.3.0/configure --build=x86_64-linux --host=x86_64-pokysdk-linux --target=arm-poky-linux-gnueabi --prefix=/opt/fsl-imx-fb/4.9.88-2.0.0/sysroots/x86_64-pokysdk-linux/usr --exec_prefix=/opt/fsl-imx-fb/4.9.88-2.0.0/sysroots/x86_64-pokysdk-linux/usr --bindir=/opt/fsl-imx-fb/4.9.88-2.0.0/sysroots/x86_64-pokysdk-linux/usr/bin/arm-poky-linux-gnueabi --sbindir=/opt/fsl-imx-fb/4.9.88-2.0.0/sysroots/x86_64-pokysdk-linux/usr/bin/arm-poky-linux-gnueabi --libexecdir=/opt/fsl-imx-fb/4.9.88-2.0.0/sysroots/x86_64-pokysdk-linux/usr/libexec/arm-poky-linux-gnueabi --datadir=/opt/fsl-imx-fb/4.9.88-2.0.0/sysroots/x86_64-pokysdk-linux/usr/share --sysconfdir=/opt/fsl-imx-fb/4.9.88-2.0.0/sysroots/x86_64-pokysdk-linux/etc --sharedstatedir=/opt/fsl-imx-fb/4.9.88-2.0.0/sysroots/x86_64-pokysdk-linux/com --localstatedir=/opt/fsl-imx-fb/4.9.88-2.0.0/sysroots/x86_64-pokysdk-linux/var --libdir=/opt/fsl-imx-fb/4.9.88-2.0.0/sysroots/x86_64-pokysdk-linux/usr/lib/arm-poky-linux-gnueabi --includedir=/opt/fsl-imx-fb/4.9.88-2.0.0/sysroots/x86_64-pokysdk-linux/usr/include --oldincludedir=/opt/fsl-imx-fb/4.9.88-2.0.0/sysroots/x86_64-pokysdk-linux/usr/include --infodir=/opt/fsl-imx-fb/4.9.88-2.0.0/sysroots/x86_64-pokysdk-linux/usr/share/info --mandir=/opt/fsl-imx-fb/4.9.88-2.0.0/sysroots/x86_64-pokysdk-linux/usr/share/man --disable-silent-rules --disable-dependency-tracking --with-libtool-sysroot=/home/mile/imx-yocto-bsp/build6q_fb/tmp/work/x86_64-nativesdk-pokysdk-linux/gcc-cross-canadian-arm/7.3.0-r0/recipe-sysroot --with-gnu-ld --enable-shared --enable-languages=c,c++ --enable-threads=posix --enable-multilib --enable-c99 --enable-long-long --enable-symvers=gnu --enable-libstdcxx-pch --program-prefix=arm-poky-linux-gnueabi- --without-local-prefix --enable-lto --enable-libssp --enable-libitm --disable-bootstrap --disable-libmudflap --with-system-zlib --with-linker-hash-style=gnu --enable-linker-build-id --with-ppl=no --with-cloog=no --enable-checking=release --enable-cheaders=c_global --without-isl --with-gxx-include-dir=/not/exist/usr/include/c++/7.3.0 --with-build-time-tools=/home/mile/imx-yocto-bsp/build6q_fb/tmp/work/x86_64-nativesdk-pokysdk-linux/gcc-cross-canadian-arm/7.3.0-r0/recipe-sysroot-native/usr/arm-poky-linux-gnueabi/bin --with-sysroot=/not/exist --with-build-sysroot=/home/mile/imx-yocto-bsp/build6q_fb/tmp/work/x86_64-nativesdk-pokysdk-linux/gcc-cross-canadian-arm/7.3.0-r0/recipe-sysroot --without-long-double-128 --enable-poison-system-directories --with-mpfr=/home/mile/imx-yocto-bsp/build6q_fb/tmp/work/x86_64-nativesdk-pokysdk-linux/gcc-cross-canadian-arm/7.3.0-r0/recipe-sysroot --with-mpc=/home/mile/imx-yocto-bsp/build6q_fb/tmp/work/x86_64-nativesdk-pokysdk-linux/gcc-cross-canadian-arm/7.3.0-r0/recipe-sysroot --enable-nls --enable-initfini-array]
  ignore line: [Thread model: posix]
  ignore line: [gcc version 7.3.0 (GCC) ]
  ignore line: [COMPILER_PATH=/opt/fsl-imx-fb/4.9.88-2.0.0/sysroots/x86_64-pokysdk-linux/usr/libexec/arm-poky-linux-gnueabi/gcc/arm-poky-linux-gnueabi/7.3.0/:/opt/fsl-imx-fb/4.9.88-2.0.0/sysroots/x86_64-pokysdk-linux/usr/libexec/arm-poky-linux-gnueabi/gcc/arm-poky-linux-gnueabi/7.3.0/:/opt/fsl-imx-fb/4.9.88-2.0.0/sysroots/x86_64-pokysdk-linux/usr/libexec/arm-poky-linux-gnueabi/gcc/arm-poky-linux-gnueabi/:/opt/fsl-imx-fb/4.9.88-2.0.0/sysroots/x86_64-pokysdk-linux/usr/lib/arm-poky-linux-gnueabi/gcc/arm-poky-linux-gnueabi/7.3.0/:/opt/fsl-imx-fb/4.9.88-2.0.0/sysroots/x86_64-pokysdk-linux/usr/lib/arm-poky-linux-gnueabi/gcc/arm-poky-linux-gnueabi/]
  ignore line: [LIBRARY_PATH=/opt/fsl-imx-fb/4.9.88-2.0.0/sysroots/x86_64-pokysdk-linux/usr/lib/arm-poky-linux-gnueabi/gcc/arm-poky-linux-gnueabi/7.3.0/:/opt/fsl-imx-fb/4.9.88-2.0.0/sysroots/cortexa9hf-neon-poky-linux-gnueabi/lib/:/opt/fsl-imx-fb/4.9.88-2.0.0/sysroots/cortexa9hf-neon-poky-linux-gnueabi/usr/lib/arm-poky-linux-gnueabi/7.3.0/:/opt/fsl-imx-fb/4.9.88-2.0.0/sysroots/cortexa9hf-neon-poky-linux-gnueabi/usr/lib/]
  ignore line: [COLLECT_GCC_OPTIONS='--sysroot=/opt/fsl-imx-fb/4.9.88-2.0.0/sysroots/cortexa9hf-neon-poky-linux-gnueabi' '-march=armv7-a' '-mfpu=neon' '-mfloat-abi=hard' '-mcpu=cortex-a9' '-O2' '-pipe' '-g' '-feliminate-unused-debug-types' '-v' '-rdynamic' '-o' 'cmTC_0b668' '-shared-libgcc' '-mtls-dialect=gnu']
  link line: [ /opt/fsl-imx-fb/4.9.88-2.0.0/sysroots/x86_64-pokysdk-linux/usr/libexec/arm-poky-linux-gnueabi/gcc/arm-poky-linux-gnueabi/7.3.0/collect2 -plugin /opt/fsl-imx-fb/4.9.88-2.0.0/sysroots/x86_64-pokysdk-linux/usr/libexec/arm-poky-linux-gnueabi/gcc/arm-poky-linux-gnueabi/7.3.0/liblto_plugin.so -plugin-opt=/opt/fsl-imx-fb/4.9.88-2.0.0/sysroots/x86_64-pokysdk-linux/usr/libexec/arm-poky-linux-gnueabi/gcc/arm-poky-linux-gnueabi/7.3.0/lto-wrapper -plugin-opt=-fresolution=/tmp/ccU8eZ5p.res -plugin-opt=-pass-through=-lgcc_s -plugin-opt=-pass-through=-lgcc -plugin-opt=-pass-through=-lc -plugin-opt=-pass-through=-lgcc_s -plugin-opt=-pass-through=-lgcc --sysroot=/opt/fsl-imx-fb/4.9.88-2.0.0/sysroots/cortexa9hf-neon-poky-linux-gnueabi --build-id --eh-frame-hdr --hash-style=gnu -export-dynamic -dynamic-linker /lib/ld-linux-armhf.so.3 -X -m armelf_linux_eabi -o cmTC_0b668 /opt/fsl-imx-fb/4.9.88-2.0.0/sysroots/cortexa9hf-neon-poky-linux-gnueabi/usr/lib/crt1.o /opt/fsl-imx-fb/4.9.88-2.0.0/sysroots/cortexa9hf-neon-poky-linux-gnueabi/usr/lib/crti.o /opt/fsl-imx-fb/4.9.88-2.0.0/sysroots/cortexa9hf-neon-poky-linux-gnueabi/usr/lib/arm-poky-linux-gnueabi/7.3.0/crtbegin.o -L/opt/fsl-imx-fb/4.9.88-2.0.0/sysroots/x86_64-pokysdk-linux/usr/lib/arm-poky-linux-gnueabi/gcc/arm-poky-linux-gnueabi/7.3.0 -L/opt/fsl-imx-fb/4.9.88-2.0.0/sysroots/cortexa9hf-neon-poky-linux-gnueabi/lib -L/opt/fsl-imx-fb/4.9.88-2.0.0/sysroots/cortexa9hf-neon-poky-linux-gnueabi/usr/lib/arm-poky-linux-gnueabi/7.3.0 -L/opt/fsl-imx-fb/4.9.88-2.0.0/sysroots/cortexa9hf-neon-poky-linux-gnueabi/usr/lib -O1 --hash-style=gnu --as-needed CMakeFiles/cmTC_0b668.dir/CMakeCXXCompilerABI.cpp.o -lstdc++ -lm -lgcc_s -lgcc -lc -lgcc_s -lgcc /opt/fsl-imx-fb/4.9.88-2.0.0/sysroots/cortexa9hf-neon-poky-linux-gnueabi/usr/lib/arm-poky-linux-gnueabi/7.3.0/crtend.o /opt/fsl-imx-fb/4.9.88-2.0.0/sysroots/cortexa9hf-neon-poky-linux-gnueabi/usr/lib/crtn.o]
    arg [/opt/fsl-imx-fb/4.9.88-2.0.0/sysroots/x86_64-pokysdk-linux/usr/libexec/arm-poky-linux-gnueabi/gcc/arm-poky-linux-gnueabi/7.3.0/collect2] ==> ignore
    arg [-plugin] ==> ignore
    arg [/opt/fsl-imx-fb/4.9.88-2.0.0/sysroots/x86_64-pokysdk-linux/usr/libexec/arm-poky-linux-gnueabi/gcc/arm-poky-linux-gnueabi/7.3.0/liblto_plugin.so] ==> ignore
    arg [-plugin-opt=/opt/fsl-imx-fb/4.9.88-2.0.0/sysroots/x86_64-pokysdk-linux/usr/libexec/arm-poky-linux-gnueabi/gcc/arm-poky-linux-gnueabi/7.3.0/lto-wrapper] ==> ignore
    arg [-plugin-opt=-fresolution=/tmp/ccU8eZ5p.res] ==> ignore
    arg [-plugin-opt=-pass-through=-lgcc_s] ==> ignore
    arg [-plugin-opt=-pass-through=-lgcc] ==> ignore
    arg [-plugin-opt=-pass-through=-lc] ==> ignore
    arg [-plugin-opt=-pass-through=-lgcc_s] ==> ignore
    arg [-plugin-opt=-pass-through=-lgcc] ==> ignore
    arg [--sysroot=/opt/fsl-imx-fb/4.9.88-2.0.0/sysroots/cortexa9hf-neon-poky-linux-gnueabi] ==> ignore
    arg [--build-id] ==> ignore
    arg [--eh-frame-hdr] ==> ignore
    arg [--hash-style=gnu] ==> ignore
    arg [-export-dynamic] ==> ignore
    arg [-dynamic-linker] ==> ignore
    arg [/lib/ld-linux-armhf.so.3] ==> ignore
    arg [-X] ==> ignore
    arg [-m] ==> ignore
    arg [armelf_linux_eabi] ==> ignore
    arg [-o] ==> ignore
    arg [cmTC_0b668] ==> ignore
    arg [/opt/fsl-imx-fb/4.9.88-2.0.0/sysroots/cortexa9hf-neon-poky-linux-gnueabi/usr/lib/crt1.o] ==> ignore
    arg [/opt/fsl-imx-fb/4.9.88-2.0.0/sysroots/cortexa9hf-neon-poky-linux-gnueabi/usr/lib/crti.o] ==> ignore
    arg [/opt/fsl-imx-fb/4.9.88-2.0.0/sysroots/cortexa9hf-neon-poky-linux-gnueabi/usr/lib/arm-poky-linux-gnueabi/7.3.0/crtbegin.o] ==> ignore
    arg [-L/opt/fsl-imx-fb/4.9.88-2.0.0/sysroots/x86_64-pokysdk-linux/usr/lib/arm-poky-linux-gnueabi/gcc/arm-poky-linux-gnueabi/7.3.0] ==> dir [/opt/fsl-imx-fb/4.9.88-2.0.0/sysroots/x86_64-pokysdk-linux/usr/lib/arm-poky-linux-gnueabi/gcc/arm-poky-linux-gnueabi/7.3.0]
    arg [-L/opt/fsl-imx-fb/4.9.88-2.0.0/sysroots/cortexa9hf-neon-poky-linux-gnueabi/lib] ==> dir [/opt/fsl-imx-fb/4.9.88-2.0.0/sysroots/cortexa9hf-neon-poky-linux-gnueabi/lib]
    arg [-L/opt/fsl-imx-fb/4.9.88-2.0.0/sysroots/cortexa9hf-neon-poky-linux-gnueabi/usr/lib/arm-poky-linux-gnueabi/7.3.0] ==> dir [/opt/fsl-imx-fb/4.9.88-2.0.0/sysroots/cortexa9hf-neon-poky-linux-gnueabi/usr/lib/arm-poky-linux-gnueabi/7.3.0]
    arg [-L/opt/fsl-imx-fb/4.9.88-2.0.0/sysroots/cortexa9hf-neon-poky-linux-gnueabi/usr/lib] ==> dir [/opt/fsl-imx-fb/4.9.88-2.0.0/sysroots/cortexa9hf-neon-poky-linux-gnueabi/usr/lib]
    arg [-O1] ==> ignore
    arg [--hash-style=gnu] ==> ignore
    arg [--as-needed] ==> ignore
    arg [CMakeFiles/cmTC_0b668.dir/CMakeCXXCompilerABI.cpp.o] ==> ignore
    arg [-lstdc++] ==> lib [stdc++]
    arg [-lm] ==> lib [m]
    arg [-lgcc_s] ==> lib [gcc_s]
    arg [-lgcc] ==> lib [gcc]
    arg [-lc] ==> lib [c]
    arg [-lgcc_s] ==> lib [gcc_s]
    arg [-lgcc] ==> lib [gcc]
    arg [/opt/fsl-imx-fb/4.9.88-2.0.0/sysroots/cortexa9hf-neon-poky-linux-gnueabi/usr/lib/arm-poky-linux-gnueabi/7.3.0/crtend.o] ==> ignore
    arg [/opt/fsl-imx-fb/4.9.88-2.0.0/sysroots/cortexa9hf-neon-poky-linux-gnueabi/usr/lib/crtn.o] ==> ignore
  remove lib [gcc_s]
  remove lib [gcc]
  remove lib [gcc_s]
  remove lib [gcc]
  collapse library dir [/opt/fsl-imx-fb/4.9.88-2.0.0/sysroots/x86_64-pokysdk-linux/usr/lib/arm-poky-linux-gnueabi/gcc/arm-poky-linux-gnueabi/7.3.0] ==> [/opt/fsl-imx-fb/4.9.88-2.0.0/sysroots/x86_64-pokysdk-linux/usr/lib/arm-poky-linux-gnueabi/gcc/arm-poky-linux-gnueabi/7.3.0]
  collapse library dir [/opt/fsl-imx-fb/4.9.88-2.0.0/sysroots/cortexa9hf-neon-poky-linux-gnueabi/lib] ==> [/opt/fsl-imx-fb/4.9.88-2.0.0/sysroots/cortexa9hf-neon-poky-linux-gnueabi/lib]
  collapse library dir [/opt/fsl-imx-fb/4.9.88-2.0.0/sysroots/cortexa9hf-neon-poky-linux-gnueabi/usr/lib/arm-poky-linux-gnueabi/7.3.0] ==> [/opt/fsl-imx-fb/4.9.88-2.0.0/sysroots/cortexa9hf-neon-poky-linux-gnueabi/usr/lib/arm-poky-linux-gnueabi/7.3.0]
  collapse library dir [/opt/fsl-imx-fb/4.9.88-2.0.0/sysroots/cortexa9hf-neon-poky-linux-gnueabi/usr/lib] ==> [/opt/fsl-imx-fb/4.9.88-2.0.0/sysroots/cortexa9hf-neon-poky-linux-gnueabi/usr/lib]
  implicit libs: [stdc++;m;c]
  implicit dirs: [/opt/fsl-imx-fb/4.9.88-2.0.0/sysroots/x86_64-pokysdk-linux/usr/lib/arm-poky-linux-gnueabi/gcc/arm-poky-linux-gnueabi/7.3.0;/opt/fsl-imx-fb/4.9.88-2.0.0/sysroots/cortexa9hf-neon-poky-linux-gnueabi/lib;/opt/fsl-imx-fb/4.9.88-2.0.0/sysroots/cortexa9hf-neon-poky-linux-gnueabi/usr/lib/arm-poky-linux-gnueabi/7.3.0;/opt/fsl-imx-fb/4.9.88-2.0.0/sysroots/cortexa9hf-neon-poky-linux-gnueabi/usr/lib]
  implicit fwks: []




Detecting CXX [-std=c++1z] compiler features compiled with the following output:
Change Dir: /home/yzh/CA/CA/CA/build/CMakeFiles/CMakeTmp

Run Build Command:"/usr/bin/make" "cmTC_3db0f/fast"
/usr/bin/make -f CMakeFiles/cmTC_3db0f.dir/build.make CMakeFiles/cmTC_3db0f.dir/build
make[1]: Entering directory '/home/yzh/CA/CA/CA/build/CMakeFiles/CMakeTmp'
Building CXX object CMakeFiles/cmTC_3db0f.dir/feature_tests.cxx.o
/opt/fsl-imx-fb/4.9.88-2.0.0/sysroots/x86_64-pokysdk-linux/usr/bin/arm-poky-linux-gnueabi/arm-poky-linux-gnueabi-g++   -march=armv7-a -mfpu=neon -mfloat-abi=hard -mcpu=cortex-a9 --sysroot=/opt/fsl-imx-fb/4.9.88-2.0.0/sysroots/cortexa9hf-neon-poky-linux-gnueabi    -O2 -pipe -g -feliminate-unused-debug-types    -std=c++1z -o CMakeFiles/cmTC_3db0f.dir/feature_tests.cxx.o -c /home/yzh/CA/CA/CA/build/CMakeFiles/feature_tests.cxx
Linking CXX executable cmTC_3db0f
/opt/fsl-imx-fb/4.9.88-2.0.0/sysroots/x86_64-pokysdk-linux/usr/bin/cmake -E cmake_link_script CMakeFiles/cmTC_3db0f.dir/link.txt --verbose=1
/opt/fsl-imx-fb/4.9.88-2.0.0/sysroots/x86_64-pokysdk-linux/usr/bin/arm-poky-linux-gnueabi/arm-poky-linux-gnueabi-g++   -march=armv7-a -mfpu=neon -mfloat-abi=hard -mcpu=cortex-a9 --sysroot=/opt/fsl-imx-fb/4.9.88-2.0.0/sysroots/cortexa9hf-neon-poky-linux-gnueabi  -O2 -pipe -g -feliminate-unused-debug-types   -Wl,-O1 -Wl,--hash-style=gnu -Wl,--as-needed  -rdynamic CMakeFiles/cmTC_3db0f.dir/feature_tests.cxx.o  -o cmTC_3db0f 
make[1]: Leaving directory '/home/yzh/CA/CA/CA/build/CMakeFiles/CMakeTmp'


    Feature record: CXX_FEATURE:1cxx_aggregate_default_initializers
    Feature record: CXX_FEATURE:1cxx_alias_templates
    Feature record: CXX_FEATURE:1cxx_alignas
    Feature record: CXX_FEATURE:1cxx_alignof
    Feature record: CXX_FEATURE:1cxx_attributes
    Feature record: CXX_FEATURE:1cxx_attribute_deprecated
    Feature record: CXX_FEATURE:1cxx_auto_type
    Feature record: CXX_FEATURE:1cxx_binary_literals
    Feature record: CXX_FEATURE:1cxx_constexpr
    Feature record: CXX_FEATURE:1cxx_contextual_conversions
    Feature record: CXX_FEATURE:1cxx_decltype
    Feature record: CXX_FEATURE:1cxx_decltype_auto
    Feature record: CXX_FEATURE:1cxx_decltype_incomplete_return_types
    Feature record: CXX_FEATURE:1cxx_default_function_template_args
    Feature record: CXX_FEATURE:1cxx_defaulted_functions
    Feature record: CXX_FEATURE:1cxx_defaulted_move_initializers
    Feature record: CXX_FEATURE:1cxx_delegating_constructors
    Feature record: CXX_FEATURE:1cxx_deleted_functions
    Feature record: CXX_FEATURE:1cxx_digit_separators
    Feature record: CXX_FEATURE:1cxx_enum_forward_declarations
    Feature record: CXX_FEATURE:1cxx_explicit_conversions
    Feature record: CXX_FEATURE:1cxx_extended_friend_declarations
    Feature record: CXX_FEATURE:1cxx_extern_templates
    Feature record: CXX_FEATURE:1cxx_final
    Feature record: CXX_FEATURE:1cxx_func_identifier
    Feature record: CXX_FEATURE:1cxx_generalized_initializers
    Feature record: CXX_FEATURE:1cxx_generic_lambdas
    Feature record: CXX_FEATURE:1cxx_inheriting_constructors
    Feature record: CXX_FEATURE:1cxx_inline_namespaces
    Feature record: CXX_FEATURE:1cxx_lambdas
    Feature record: CXX_FEATURE:1cxx_lambda_init_captures
    Feature record: CXX_FEATURE:1cxx_local_type_template_args
    Feature record: CXX_FEATURE:1cxx_long_long_type
    Feature record: CXX_FEATURE:1cxx_noexcept
    Feature record: CXX_FEATURE:1cxx_nonstatic_member_init
    Feature record: CXX_FEATURE:1cxx_nullptr
    Feature record: CXX_FEATURE:1cxx_override
    Feature record: CXX_FEATURE:1cxx_range_for
    Feature record: CXX_FEATURE:1cxx_raw_string_literals
    Feature record: CXX_FEATURE:1cxx_reference_qualified_functions
    Feature record: CXX_FEATURE:1cxx_relaxed_constexpr
    Feature record: CXX_FEATURE:1cxx_return_type_deduction
    Feature record: CXX_FEATURE:1cxx_right_angle_brackets
    Feature record: CXX_FEATURE:1cxx_rvalue_references
    Feature record: CXX_FEATURE:1cxx_sizeof_member
    Feature record: CXX_FEATURE:1cxx_static_assert
    Feature record: CXX_FEATURE:1cxx_strong_enums
    Feature record: CXX_FEATURE:1cxx_template_template_parameters
    Feature record: CXX_FEATURE:1cxx_thread_local
    Feature record: CXX_FEATURE:1cxx_trailing_return_types
    Feature record: CXX_FEATURE:1cxx_unicode_literals
    Feature record: CXX_FEATURE:1cxx_uniform_initialization
    Feature record: CXX_FEATURE:1cxx_unrestricted_unions
    Feature record: CXX_FEATURE:1cxx_user_literals
    Feature record: CXX_FEATURE:1cxx_variable_templates
    Feature record: CXX_FEATURE:1cxx_variadic_macros
    Feature record: CXX_FEATURE:1cxx_variadic_templates


Detecting CXX [-std=c++14] compiler features compiled with the following output:
Change Dir: /home/yzh/CA/CA/CA/build/CMakeFiles/CMakeTmp

Run Build Command:"/usr/bin/make" "cmTC_d8be6/fast"
/usr/bin/make -f CMakeFiles/cmTC_d8be6.dir/build.make CMakeFiles/cmTC_d8be6.dir/build
make[1]: Entering directory '/home/yzh/CA/CA/CA/build/CMakeFiles/CMakeTmp'
Building CXX object CMakeFiles/cmTC_d8be6.dir/feature_tests.cxx.o
/opt/fsl-imx-fb/4.9.88-2.0.0/sysroots/x86_64-pokysdk-linux/usr/bin/arm-poky-linux-gnueabi/arm-poky-linux-gnueabi-g++   -march=armv7-a -mfpu=neon -mfloat-abi=hard -mcpu=cortex-a9 --sysroot=/opt/fsl-imx-fb/4.9.88-2.0.0/sysroots/cortexa9hf-neon-poky-linux-gnueabi    -O2 -pipe -g -feliminate-unused-debug-types    -std=c++14 -o CMakeFiles/cmTC_d8be6.dir/feature_tests.cxx.o -c /home/yzh/CA/CA/CA/build/CMakeFiles/feature_tests.cxx
Linking CXX executable cmTC_d8be6
/opt/fsl-imx-fb/4.9.88-2.0.0/sysroots/x86_64-pokysdk-linux/usr/bin/cmake -E cmake_link_script CMakeFiles/cmTC_d8be6.dir/link.txt --verbose=1
/opt/fsl-imx-fb/4.9.88-2.0.0/sysroots/x86_64-pokysdk-linux/usr/bin/arm-poky-linux-gnueabi/arm-poky-linux-gnueabi-g++   -march=armv7-a -mfpu=neon -mfloat-abi=hard -mcpu=cortex-a9 --sysroot=/opt/fsl-imx-fb/4.9.88-2.0.0/sysroots/cortexa9hf-neon-poky-linux-gnueabi  -O2 -pipe -g -feliminate-unused-debug-types   -Wl,-O1 -Wl,--hash-style=gnu -Wl,--as-needed  -rdynamic CMakeFiles/cmTC_d8be6.dir/feature_tests.cxx.o  -o cmTC_d8be6 
make[1]: Leaving directory '/home/yzh/CA/CA/CA/build/CMakeFiles/CMakeTmp'


    Feature record: CXX_FEATURE:1cxx_aggregate_default_initializers
    Feature record: CXX_FEATURE:1cxx_alias_templates
    Feature record: CXX_FEATURE:1cxx_alignas
    Feature record: CXX_FEATURE:1cxx_alignof
    Feature record: CXX_FEATURE:1cxx_attributes
    Feature record: CXX_FEATURE:1cxx_attribute_deprecated
    Feature record: CXX_FEATURE:1cxx_auto_type
    Feature record: CXX_FEATURE:1cxx_binary_literals
    Feature record: CXX_FEATURE:1cxx_constexpr
    Feature record: CXX_FEATURE:1cxx_contextual_conversions
    Feature record: CXX_FEATURE:1cxx_decltype
    Feature record: CXX_FEATURE:1cxx_decltype_auto
    Feature record: CXX_FEATURE:1cxx_decltype_incomplete_return_types
    Feature record: CXX_FEATURE:1cxx_default_function_template_args
    Feature record: CXX_FEATURE:1cxx_defaulted_functions
    Feature record: CXX_FEATURE:1cxx_defaulted_move_initializers
    Feature record: CXX_FEATURE:1cxx_delegating_constructors
    Feature record: CXX_FEATURE:1cxx_deleted_functions
    Feature record: CXX_FEATURE:1cxx_digit_separators
    Feature record: CXX_FEATURE:1cxx_enum_forward_declarations
    Feature record: CXX_FEATURE:1cxx_explicit_conversions
    Feature record: CXX_FEATURE:1cxx_extended_friend_declarations
    Feature record: CXX_FEATURE:1cxx_extern_templates
    Feature record: CXX_FEATURE:1cxx_final
    Feature record: CXX_FEATURE:1cxx_func_identifier
    Feature record: CXX_FEATURE:1cxx_generalized_initializers
    Feature record: CXX_FEATURE:1cxx_generic_lambdas
    Feature record: CXX_FEATURE:1cxx_inheriting_constructors
    Feature record: CXX_FEATURE:1cxx_inline_namespaces
    Feature record: CXX_FEATURE:1cxx_lambdas
    Feature record: CXX_FEATURE:1cxx_lambda_init_captures
    Feature record: CXX_FEATURE:1cxx_local_type_template_args
    Feature record: CXX_FEATURE:1cxx_long_long_type
    Feature record: CXX_FEATURE:1cxx_noexcept
    Feature record: CXX_FEATURE:1cxx_nonstatic_member_init
    Feature record: CXX_FEATURE:1cxx_nullptr
    Feature record: CXX_FEATURE:1cxx_override
    Feature record: CXX_FEATURE:1cxx_range_for
    Feature record: CXX_FEATURE:1cxx_raw_string_literals
    Feature record: CXX_FEATURE:1cxx_reference_qualified_functions
    Feature record: CXX_FEATURE:1cxx_relaxed_constexpr
    Feature record: CXX_FEATURE:1cxx_return_type_deduction
    Feature record: CXX_FEATURE:1cxx_right_angle_brackets
    Feature record: CXX_FEATURE:1cxx_rvalue_references
    Feature record: CXX_FEATURE:1cxx_sizeof_member
    Feature record: CXX_FEATURE:1cxx_static_assert
    Feature record: CXX_FEATURE:1cxx_strong_enums
    Feature record: CXX_FEATURE:1cxx_template_template_parameters
    Feature record: CXX_FEATURE:1cxx_thread_local
    Feature record: CXX_FEATURE:1cxx_trailing_return_types
    Feature record: CXX_FEATURE:1cxx_unicode_literals
    Feature record: CXX_FEATURE:1cxx_uniform_initialization
    Feature record: CXX_FEATURE:1cxx_unrestricted_unions
    Feature record: CXX_FEATURE:1cxx_user_literals
    Feature record: CXX_FEATURE:1cxx_variable_templates
    Feature record: CXX_FEATURE:1cxx_variadic_macros
    Feature record: CXX_FEATURE:1cxx_variadic_templates


Detecting CXX [-std=c++11] compiler features compiled with the following output:
Change Dir: /home/yzh/CA/CA/CA/build/CMakeFiles/CMakeTmp

Run Build Command:"/usr/bin/make" "cmTC_204d1/fast"
/usr/bin/make -f CMakeFiles/cmTC_204d1.dir/build.make CMakeFiles/cmTC_204d1.dir/build
make[1]: Entering directory '/home/yzh/CA/CA/CA/build/CMakeFiles/CMakeTmp'
Building CXX object CMakeFiles/cmTC_204d1.dir/feature_tests.cxx.o
/opt/fsl-imx-fb/4.9.88-2.0.0/sysroots/x86_64-pokysdk-linux/usr/bin/arm-poky-linux-gnueabi/arm-poky-linux-gnueabi-g++   -march=armv7-a -mfpu=neon -mfloat-abi=hard -mcpu=cortex-a9 --sysroot=/opt/fsl-imx-fb/4.9.88-2.0.0/sysroots/cortexa9hf-neon-poky-linux-gnueabi    -O2 -pipe -g -feliminate-unused-debug-types    -std=c++11 -o CMakeFiles/cmTC_204d1.dir/feature_tests.cxx.o -c /home/yzh/CA/CA/CA/build/CMakeFiles/feature_tests.cxx
Linking CXX executable cmTC_204d1
/opt/fsl-imx-fb/4.9.88-2.0.0/sysroots/x86_64-pokysdk-linux/usr/bin/cmake -E cmake_link_script CMakeFiles/cmTC_204d1.dir/link.txt --verbose=1
/opt/fsl-imx-fb/4.9.88-2.0.0/sysroots/x86_64-pokysdk-linux/usr/bin/arm-poky-linux-gnueabi/arm-poky-linux-gnueabi-g++   -march=armv7-a -mfpu=neon -mfloat-abi=hard -mcpu=cortex-a9 --sysroot=/opt/fsl-imx-fb/4.9.88-2.0.0/sysroots/cortexa9hf-neon-poky-linux-gnueabi  -O2 -pipe -g -feliminate-unused-debug-types   -Wl,-O1 -Wl,--hash-style=gnu -Wl,--as-needed  -rdynamic CMakeFiles/cmTC_204d1.dir/feature_tests.cxx.o  -o cmTC_204d1 
make[1]: Leaving directory '/home/yzh/CA/CA/CA/build/CMakeFiles/CMakeTmp'


    Feature record: CXX_FEATURE:0cxx_aggregate_default_initializers
    Feature record: CXX_FEATURE:1cxx_alias_templates
    Feature record: CXX_FEATURE:1cxx_alignas
    Feature record: CXX_FEATURE:1cxx_alignof
    Feature record: CXX_FEATURE:1cxx_attributes
    Feature record: CXX_FEATURE:0cxx_attribute_deprecated
    Feature record: CXX_FEATURE:1cxx_auto_type
    Feature record: CXX_FEATURE:0cxx_binary_literals
    Feature record: CXX_FEATURE:1cxx_constexpr
    Feature record: CXX_FEATURE:0cxx_contextual_conversions
    Feature record: CXX_FEATURE:1cxx_decltype
    Feature record: CXX_FEATURE:0cxx_decltype_auto
    Feature record: CXX_FEATURE:1cxx_decltype_incomplete_return_types
    Feature record: CXX_FEATURE:1cxx_default_function_template_args
    Feature record: CXX_FEATURE:1cxx_defaulted_functions
    Feature record: CXX_FEATURE:1cxx_defaulted_move_initializers
    Feature record: CXX_FEATURE:1cxx_delegating_constructors
    Feature record: CXX_FEATURE:1cxx_deleted_functions
    Feature record: CXX_FEATURE:0cxx_digit_separators
    Feature record: CXX_FEATURE:1cxx_enum_forward_declarations
    Feature record: CXX_FEATURE:1cxx_explicit_conversions
    Feature record: CXX_FEATURE:1cxx_extended_friend_declarations
    Feature record: CXX_FEATURE:1cxx_extern_templates
    Feature record: CXX_FEATURE:1cxx_final
    Feature record: CXX_FEATURE:1cxx_func_identifier
    Feature record: CXX_FEATURE:1cxx_generalized_initializers
    Feature record: CXX_FEATURE:0cxx_generic_lambdas
    Feature record: CXX_FEATURE:1cxx_inheriting_constructors
    Feature record: CXX_FEATURE:1cxx_inline_namespaces
    Feature record: CXX_FEATURE:1cxx_lambdas
    Feature record: CXX_FEATURE:0cxx_lambda_init_captures
    Feature record: CXX_FEATURE:1cxx_local_type_template_args
    Feature record: CXX_FEATURE:1cxx_long_long_type
    Feature record: CXX_FEATURE:1cxx_noexcept
    Feature record: CXX_FEATURE:1cxx_nonstatic_member_init
    Feature record: CXX_FEATURE:1cxx_nullptr
    Feature record: CXX_FEATURE:1cxx_override
    Feature record: CXX_FEATURE:1cxx_range_for
    Feature record: CXX_FEATURE:1cxx_raw_string_literals
    Feature record: CXX_FEATURE:1cxx_reference_qualified_functions
    Feature record: CXX_FEATURE:0cxx_relaxed_constexpr
    Feature record: CXX_FEATURE:0cxx_return_type_deduction
    Feature record: CXX_FEATURE:1cxx_right_angle_brackets
    Feature record: CXX_FEATURE:1cxx_rvalue_references
    Feature record: CXX_FEATURE:1cxx_sizeof_member
    Feature record: CXX_FEATURE:1cxx_static_assert
    Feature record: CXX_FEATURE:1cxx_strong_enums
    Feature record: CXX_FEATURE:1cxx_template_template_parameters
    Feature record: CXX_FEATURE:1cxx_thread_local
    Feature record: CXX_FEATURE:1cxx_trailing_return_types
    Feature record: CXX_FEATURE:1cxx_unicode_literals
    Feature record: CXX_FEATURE:1cxx_uniform_initialization
    Feature record: CXX_FEATURE:1cxx_unrestricted_unions
    Feature record: CXX_FEATURE:1cxx_user_literals
    Feature record: CXX_FEATURE:0cxx_variable_templates
    Feature record: CXX_FEATURE:1cxx_variadic_macros
    Feature record: CXX_FEATURE:1cxx_variadic_templates


Detecting CXX [-std=c++98] compiler features compiled with the following output:
Change Dir: /home/yzh/CA/CA/CA/build/CMakeFiles/CMakeTmp

Run Build Command:"/usr/bin/make" "cmTC_be1f3/fast"
/usr/bin/make -f CMakeFiles/cmTC_be1f3.dir/build.make CMakeFiles/cmTC_be1f3.dir/build
make[1]: Entering directory '/home/yzh/CA/CA/CA/build/CMakeFiles/CMakeTmp'
Building CXX object CMakeFiles/cmTC_be1f3.dir/feature_tests.cxx.o
/opt/fsl-imx-fb/4.9.88-2.0.0/sysroots/x86_64-pokysdk-linux/usr/bin/arm-poky-linux-gnueabi/arm-poky-linux-gnueabi-g++   -march=armv7-a -mfpu=neon -mfloat-abi=hard -mcpu=cortex-a9 --sysroot=/opt/fsl-imx-fb/4.9.88-2.0.0/sysroots/cortexa9hf-neon-poky-linux-gnueabi    -O2 -pipe -g -feliminate-unused-debug-types    -std=c++98 -o CMakeFiles/cmTC_be1f3.dir/feature_tests.cxx.o -c /home/yzh/CA/CA/CA/build/CMakeFiles/feature_tests.cxx
Linking CXX executable cmTC_be1f3
/opt/fsl-imx-fb/4.9.88-2.0.0/sysroots/x86_64-pokysdk-linux/usr/bin/cmake -E cmake_link_script CMakeFiles/cmTC_be1f3.dir/link.txt --verbose=1
/opt/fsl-imx-fb/4.9.88-2.0.0/sysroots/x86_64-pokysdk-linux/usr/bin/arm-poky-linux-gnueabi/arm-poky-linux-gnueabi-g++   -march=armv7-a -mfpu=neon -mfloat-abi=hard -mcpu=cortex-a9 --sysroot=/opt/fsl-imx-fb/4.9.88-2.0.0/sysroots/cortexa9hf-neon-poky-linux-gnueabi  -O2 -pipe -g -feliminate-unused-debug-types   -Wl,-O1 -Wl,--hash-style=gnu -Wl,--as-needed  -rdynamic CMakeFiles/cmTC_be1f3.dir/feature_tests.cxx.o  -o cmTC_be1f3 
make[1]: Leaving directory '/home/yzh/CA/CA/CA/build/CMakeFiles/CMakeTmp'


    Feature record: CXX_FEATURE:0cxx_aggregate_default_initializers
    Feature record: CXX_FEATURE:0cxx_alias_templates
    Feature record: CXX_FEATURE:0cxx_alignas
    Feature record: CXX_FEATURE:0cxx_alignof
    Feature record: CXX_FEATURE:0cxx_attributes
    Feature record: CXX_FEATURE:0cxx_attribute_deprecated
    Feature record: CXX_FEATURE:0cxx_auto_type
    Feature record: CXX_FEATURE:0cxx_binary_literals
    Feature record: CXX_FEATURE:0cxx_constexpr
    Feature record: CXX_FEATURE:0cxx_contextual_conversions
    Feature record: CXX_FEATURE:0cxx_decltype
    Feature record: CXX_FEATURE:0cxx_decltype_auto
    Feature record: CXX_FEATURE:0cxx_decltype_incomplete_return_types
    Feature record: CXX_FEATURE:0cxx_default_function_template_args
    Feature record: CXX_FEATURE:0cxx_defaulted_functions
    Feature record: CXX_FEATURE:0cxx_defaulted_move_initializers
    Feature record: CXX_FEATURE:0cxx_delegating_constructors
    Feature record: CXX_FEATURE:0cxx_deleted_functions
    Feature record: CXX_FEATURE:0cxx_digit_separators
    Feature record: CXX_FEATURE:0cxx_enum_forward_declarations
    Feature record: CXX_FEATURE:0cxx_explicit_conversions
    Feature record: CXX_FEATURE:0cxx_extended_friend_declarations
    Feature record: CXX_FEATURE:0cxx_extern_templates
    Feature record: CXX_FEATURE:0cxx_final
    Feature record: CXX_FEATURE:0cxx_func_identifier
    Feature record: CXX_FEATURE:0cxx_generalized_initializers
    Feature record: CXX_FEATURE:0cxx_generic_lambdas
    Feature record: CXX_FEATURE:0cxx_inheriting_constructors
    Feature record: CXX_FEATURE:0cxx_inline_namespaces
    Feature record: CXX_FEATURE:0cxx_lambdas
    Feature record: CXX_FEATURE:0cxx_lambda_init_captures
    Feature record: CXX_FEATURE:0cxx_local_type_template_args
    Feature record: CXX_FEATURE:0cxx_long_long_type
    Feature record: CXX_FEATURE:0cxx_noexcept
    Feature record: CXX_FEATURE:0cxx_nonstatic_member_init
    Feature record: CXX_FEATURE:0cxx_nullptr
    Feature record: CXX_FEATURE:0cxx_override
    Feature record: CXX_FEATURE:0cxx_range_for
    Feature record: CXX_FEATURE:0cxx_raw_string_literals
    Feature record: CXX_FEATURE:0cxx_reference_qualified_functions
    Feature record: CXX_FEATURE:0cxx_relaxed_constexpr
    Feature record: CXX_FEATURE:0cxx_return_type_deduction
    Feature record: CXX_FEATURE:0cxx_right_angle_brackets
    Feature record: CXX_FEATURE:0cxx_rvalue_references
    Feature record: CXX_FEATURE:0cxx_sizeof_member
    Feature record: CXX_FEATURE:0cxx_static_assert
    Feature record: CXX_FEATURE:0cxx_strong_enums
    Feature record: CXX_FEATURE:1cxx_template_template_parameters
    Feature record: CXX_FEATURE:0cxx_thread_local
    Feature record: CXX_FEATURE:0cxx_trailing_return_types
    Feature record: CXX_FEATURE:0cxx_unicode_literals
    Feature record: CXX_FEATURE:0cxx_uniform_initialization
    Feature record: CXX_FEATURE:0cxx_unrestricted_unions
    Feature record: CXX_FEATURE:0cxx_user_literals
    Feature record: CXX_FEATURE:0cxx_variable_templates
    Feature record: CXX_FEATURE:0cxx_variadic_macros
    Feature record: CXX_FEATURE:0cxx_variadic_templates
